2026-01-01 12:43:00 [INFO] logging:emit:1160 [PID:84589] [TID:8470126720] Testing info message
2026-01-01 12:43:00 [WARNING] logging:emit:1160 [PID:84589] [TID:8470126720] Testing warning message
2026-01-01 12:43:00 [ERROR] logging:emit:1160 [PID:84589] [TID:8470126720] Testing error message
2026-01-01 12:43:00 [CRITICAL] logging:emit:1160 [PID:84589] [TID:8470126720] Testing critical message
2026-01-01 12:43:00 [INFO] logging:emit:1160 [PID:84589] [TID:8470126720] Testing info with tag
2026-01-01 12:43:00 [ERROR] logging:emit:1160 [PID:84589] [TID:8470126720] Testing error with tag
[PARAM_TEST] 2026-01-01 12:43:00 [INFO] logging:emit:1160 [PID:84589] [TID:8470126720] Testing message parameter
2026-01-01 12:47:07 [INFO] logging:emit:1160 [PID:85772] [TID:8470126720] Starting Voice Testing Platform on 0.0.0.0:8080
2026-01-01 12:47:07 [INFO] logging:emit:1160 [PID:85772] [TID:8470126720] Voice Testing Platform startup
2026-01-01 12:47:10 [INFO] logging:emit:1160 [PID:85772] [TID:8470126720] Voice Testing Platform shutdown
2026-01-01 12:56:21 [INFO] logging:emit:1160 [PID:86221] [TID:8470126720] Starting Voice Testing Platform on 0.0.0.0:8080
2026-01-01 12:56:21 [INFO] logging:emit:1160 [PID:86221] [TID:8470126720] Voice Testing Platform startup
2026-01-01 13:01:52 [INFO] logging:emit:1160 [PID:86399] [TID:8470126720] Starting Voice Testing Platform on 0.0.0.0:8080
2026-01-01 13:01:52 [INFO] logging:emit:1160 [PID:86399] [TID:8470126720] Voice Testing Platform startup
2026-01-01 13:01:52 [INFO] logging:emit:1160 [PID:86399] [TID:8470126720] Voice Testing Platform shutdown
2026-01-01 13:01:55 [INFO] logging:emit:1160 [PID:86221] [TID:8470126720] Voice Testing Platform shutdown
2026-01-01 13:05:27 [INFO] logging:emit:1160 [PID:86720] [TID:8470126720] Starting Voice Testing Platform on 0.0.0.0:8080
2026-01-01 13:05:27 [INFO] logging:emit:1160 [PID:86720] [TID:8470126720] Voice Testing Platform startup
2026-01-01 13:57:50 [ERROR] logging:emit:1160 [PID:88397] [TID:8470126720] Migration failed: 'DatabaseService' object has no attribute 'connect'
2026-01-01 13:58:07 [INFO] logging:emit:1160 [PID:88481] [TID:8470126720] Connecting to database...
2026-01-01 13:59:07 [ERROR] logging:emit:1160 [PID:88481] [TID:8470126720] Migration failed: 
2026-01-01 16:17:41 [INFO] logging:emit:1160 [PID:92234] [TID:8470126720] Initializing static memory cache...
2026-01-01 16:17:41 [INFO] logging:emit:1160 [PID:92234] [TID:8470126720] Static memory cache initialized successfully
2026-01-01 16:17:41 [INFO] logging:emit:1160 [PID:92234] [TID:8470126720] Starting Voice Testing Platform on 0.0.0.0:8080
2026-01-01 16:17:41 [INFO] logging:emit:1160 [PID:92234] [TID:8470126720] Voice Testing Platform startup
2026-01-01 16:17:41 [INFO] logging:emit:1160 [PID:92234] [TID:8470126720] Voice Testing Platform shutdown
2026-01-01 16:17:52 [INFO] logging:emit:1160 [PID:92501] [TID:8470126720] Initializing static memory cache...
2026-01-01 16:17:52 [INFO] logging:emit:1160 [PID:92501] [TID:8470126720] Static memory cache initialized successfully
2026-01-01 16:17:52 [INFO] logging:emit:1160 [PID:92501] [TID:8470126720] Starting Voice Testing Platform on 0.0.0.0:8080
2026-01-01 16:17:52 [INFO] logging:emit:1160 [PID:92501] [TID:8470126720] Voice Testing Platform startup
2026-01-01 16:18:13 [INFO] logging:emit:1160 [PID:92501] [TID:8470126720] Voice Testing Platform shutdown
2026-01-01 16:18:21 [INFO] logging:emit:1160 [PID:93115] [TID:8470126720] Initializing static memory cache...
2026-01-01 16:18:21 [INFO] logging:emit:1160 [PID:93115] [TID:8470126720] Static memory cache initialized successfully
2026-01-01 16:18:21 [INFO] logging:emit:1160 [PID:93115] [TID:8470126720] Starting Voice Testing Platform on 0.0.0.0:8080
2026-01-01 16:18:21 [INFO] logging:emit:1160 [PID:93115] [TID:8470126720] Voice Testing Platform startup
2026-01-01 16:24:36 [INFO] logging:emit:1160 [PID:93115] [TID:8470126720] Voice Testing Platform shutdown
2026-01-01 16:24:38 [INFO] logging:emit:1160 [PID:93785] [TID:8470126720] Initializing static memory cache...
2026-01-01 16:24:38 [INFO] logging:emit:1160 [PID:93785] [TID:8470126720] Static memory cache initialized successfully
2026-01-01 16:24:38 [INFO] logging:emit:1160 [PID:93785] [TID:8470126720] Starting Voice Testing Platform on 0.0.0.0:8080
2026-01-01 16:24:38 [INFO] logging:emit:1160 [PID:93785] [TID:8470126720] Voice Testing Platform startup
2026-01-01 16:26:11 [INFO] logging:emit:1160 [PID:93785] [TID:8470126720] Voice Testing Platform shutdown
2026-01-01 16:26:44 [INFO] logging:emit:1160 [PID:94580] [TID:8470126720] Initializing static memory cache...
2026-01-01 16:26:44 [INFO] logging:emit:1160 [PID:94580] [TID:8470126720] Static memory cache initialized successfully
2026-01-01 16:26:44 [INFO] logging:emit:1160 [PID:94580] [TID:8470126720] Starting Voice Testing Platform on 0.0.0.0:8080
2026-01-01 16:26:44 [INFO] logging:emit:1160 [PID:94580] [TID:8470126720] Voice Testing Platform startup
2026-01-01 16:39:49 [INFO] logging:emit:1160 [PID:94580] [TID:8470126720] Voice Testing Platform shutdown
2026-01-01 16:39:51 [INFO] logging:emit:1160 [PID:95050] [TID:8470126720] Initializing static memory cache...
2026-01-01 16:39:51 [INFO] logging:emit:1160 [PID:95050] [TID:8470126720] Static memory cache initialized successfully
2026-01-01 16:39:51 [INFO] logging:emit:1160 [PID:95050] [TID:8470126720] Starting Voice Testing Platform on 0.0.0.0:8080
2026-01-01 16:39:51 [INFO] logging:emit:1160 [PID:95050] [TID:8470126720] Voice Testing Platform startup
2026-01-01 16:42:17 [INFO] logging:emit:1160 [PID:95050] [TID:8470126720] Voice Testing Platform shutdown
2026-01-01 16:48:40 [INFO] logging:emit:1160 [PID:95433] [TID:8470126720] Initializing static memory cache...
2026-01-01 16:48:40 [INFO] logging:emit:1160 [PID:95433] [TID:8470126720] Static memory cache initialized successfully
2026-01-01 16:48:40 [INFO] logging:emit:1160 [PID:95433] [TID:8470126720] Starting Voice Testing Platform on 0.0.0.0:8080
2026-01-01 16:48:40 [INFO] logging:emit:1160 [PID:95433] [TID:8470126720] Voice Testing Platform startup
2026-01-01 16:48:43 [ERROR] logging:emit:1160 [PID:95433] [TID:8470126720] Error creating target agent: DATABASE_URL environment variable not set
2026-01-01 16:48:50 [INFO] logging:emit:1160 [PID:95462] [TID:8470126720] Initializing static memory cache...
2026-01-01 16:48:50 [INFO] logging:emit:1160 [PID:95462] [TID:8470126720] Static memory cache initialized successfully
2026-01-01 16:48:50 [INFO] logging:emit:1160 [PID:95462] [TID:8470126720] Starting Voice Testing Platform on 0.0.0.0:8080
2026-01-01 16:48:50 [INFO] logging:emit:1160 [PID:95462] [TID:8470126720] Voice Testing Platform startup
2026-01-01 16:48:50 [INFO] logging:emit:1160 [PID:95462] [TID:8470126720] Voice Testing Platform shutdown
2026-01-01 16:48:54 [INFO] logging:emit:1160 [PID:95433] [TID:8470126720] Voice Testing Platform shutdown
2026-01-01 16:49:11 [INFO] logging:emit:1160 [PID:95588] [TID:8470126720] Initializing static memory cache...
2026-01-01 16:49:11 [INFO] logging:emit:1160 [PID:95588] [TID:8470126720] Static memory cache initialized successfully
2026-01-01 16:49:11 [INFO] logging:emit:1160 [PID:95588] [TID:8470126720] Starting Voice Testing Platform on 0.0.0.0:8080
2026-01-01 16:49:11 [INFO] logging:emit:1160 [PID:95588] [TID:8470126720] Voice Testing Platform startup
2026-01-01 16:49:24 [ERROR] logging:emit:1160 [PID:95588] [TID:8470126720] Error creating target agent: Multiple exceptions: [Errno 61] Connect call failed ('::1', 5432, 0, 0), [Errno 61] Connect call failed ('127.0.0.1', 5432)
2026-01-01 16:49:26 [INFO] logging:emit:1160 [PID:95588] [TID:8470126720] Voice Testing Platform shutdown
2026-01-01 17:05:51 [INFO] logging:emit:1160 [PID:95912] [TID:8470126720] Initializing static memory cache...
2026-01-01 17:05:51 [INFO] logging:emit:1160 [PID:95912] [TID:8470126720] Static memory cache initialized successfully
2026-01-01 17:05:51 [INFO] logging:emit:1160 [PID:95912] [TID:8470126720] Starting Voice Testing Platform on 0.0.0.0:8080
2026-01-01 17:05:51 [INFO] logging:emit:1160 [PID:95912] [TID:8470126720] Voice Testing Platform startup
2026-01-01 17:06:05 [ERROR] logging:emit:1160 [PID:95912] [TID:8470126720] Error creating target agent: asyncpg is required for database operations. Install it with: pip install asyncpg
2026-01-01 17:06:10 [INFO] logging:emit:1160 [PID:95912] [TID:8470126720] Voice Testing Platform shutdown
2026-01-01 17:06:14 [INFO] logging:emit:1160 [PID:96244] [TID:8470126720] Initializing static memory cache...
2026-01-01 17:06:14 [INFO] logging:emit:1160 [PID:96244] [TID:8470126720] Static memory cache initialized successfully
2026-01-01 17:06:14 [INFO] logging:emit:1160 [PID:96244] [TID:8470126720] Starting Voice Testing Platform on 0.0.0.0:8080
2026-01-01 17:06:14 [INFO] logging:emit:1160 [PID:96244] [TID:8470126720] Voice Testing Platform startup
2026-01-01 17:06:16 [ERROR] logging:emit:1160 [PID:96244] [TID:8470126720] Error creating target agent: DATABASE_URL environment variable not set
2026-01-01 17:12:20 [INFO] logging:emit:1160 [PID:96643] [TID:8470126720] Initializing static memory cache...
2026-01-01 17:12:20 [INFO] logging:emit:1160 [PID:96643] [TID:8470126720] Static memory cache initialized successfully
2026-01-01 17:12:20 [INFO] logging:emit:1160 [PID:96643] [TID:8470126720] Starting Voice Testing Platform on 0.0.0.0:8080
2026-01-01 17:12:20 [INFO] logging:emit:1160 [PID:96643] [TID:8470126720] Voice Testing Platform startup
2026-01-01 17:12:20 [INFO] logging:emit:1160 [PID:96643] [TID:8470126720] Voice Testing Platform shutdown
2026-01-01 17:12:25 [INFO] logging:emit:1160 [PID:96244] [TID:8470126720] Voice Testing Platform shutdown
2026-01-01 17:13:07 [INFO] logging:emit:1160 [PID:96880] [TID:8470126720] Initializing static memory cache...
2026-01-01 17:13:07 [INFO] logging:emit:1160 [PID:96880] [TID:8470126720] Static memory cache initialized successfully
2026-01-01 17:13:07 [INFO] logging:emit:1160 [PID:96880] [TID:8470126720] Starting Voice Testing Platform on 0.0.0.0:8080
2026-01-01 17:13:07 [INFO] logging:emit:1160 [PID:96880] [TID:8470126720] Voice Testing Platform startup
2026-01-01 17:18:41 [INFO] logging:emit:1160 [PID:96880] [TID:8470126720] Supabase client created successfully
2026-01-01 17:18:41 [ERROR] logging:emit:1160 [PID:96880] [TID:8470126720] Error inserting into target_agents: Object of type UUID is not JSON serializable
2026-01-01 17:18:41 [ERROR] logging:emit:1160 [PID:96880] [TID:8470126720] Error creating record in target_agents: No data returned from insert operation
2026-01-01 17:18:41 [ERROR] logging:emit:1160 [PID:96880] [TID:8470126720] Error creating target agent: No data returned from insert operation
2026-01-01 17:20:35 [INFO] logging:emit:1160 [PID:97011] [TID:8470126720] Initializing static memory cache...
2026-01-01 17:20:35 [INFO] logging:emit:1160 [PID:97011] [TID:8470126720] Static memory cache initialized successfully
2026-01-01 17:20:35 [INFO] logging:emit:1160 [PID:97011] [TID:8470126720] Starting Voice Testing Platform on 0.0.0.0:8080
2026-01-01 17:20:35 [INFO] logging:emit:1160 [PID:97011] [TID:8470126720] Voice Testing Platform startup
2026-01-01 17:20:35 [INFO] logging:emit:1160 [PID:97011] [TID:8470126720] Voice Testing Platform shutdown
2026-01-01 17:20:42 [INFO] logging:emit:1160 [PID:96880] [TID:8470126720] Voice Testing Platform shutdown
2026-01-01 17:20:44 [INFO] logging:emit:1160 [PID:97185] [TID:8470126720] Initializing static memory cache...
2026-01-01 17:20:44 [INFO] logging:emit:1160 [PID:97185] [TID:8470126720] Static memory cache initialized successfully
2026-01-01 17:20:44 [INFO] logging:emit:1160 [PID:97185] [TID:8470126720] Starting Voice Testing Platform on 0.0.0.0:8080
2026-01-01 17:20:44 [INFO] logging:emit:1160 [PID:97185] [TID:8470126720] Voice Testing Platform startup
2026-01-01 17:20:56 [INFO] logging:emit:1160 [PID:97185] [TID:8470126720] Supabase client created successfully
2026-01-01 17:20:57 [INFO] logging:emit:1160 [PID:97185] [TID:8470126720] Created record in target_agents: 4cf2f8fd-a6cb-4218-ba33-d8bfca11b732
2026-01-01 17:22:48 [INFO] logging:emit:1160 [PID:97274] [TID:8470126720] Initializing static memory cache...
2026-01-01 17:22:48 [INFO] logging:emit:1160 [PID:97274] [TID:8470126720] Static memory cache initialized successfully
2026-01-01 17:22:48 [INFO] logging:emit:1160 [PID:97274] [TID:8470126720] Starting Voice Testing Platform on 0.0.0.0:8080
2026-01-01 17:22:48 [INFO] logging:emit:1160 [PID:97274] [TID:8470126720] Voice Testing Platform startup
2026-01-01 17:22:48 [INFO] logging:emit:1160 [PID:97274] [TID:8470126720] Voice Testing Platform shutdown
2026-01-01 17:22:59 [INFO] logging:emit:1160 [PID:97491] [TID:8470126720] Initializing static memory cache...
2026-01-01 17:22:59 [INFO] logging:emit:1160 [PID:97491] [TID:8470126720] Static memory cache initialized successfully
2026-01-01 17:22:59 [INFO] logging:emit:1160 [PID:97491] [TID:8470126720] Starting Voice Testing Platform on 0.0.0.0:8080
2026-01-01 17:22:59 [INFO] logging:emit:1160 [PID:97491] [TID:8470126720] Voice Testing Platform startup
2026-01-01 17:23:06 [INFO] logging:emit:1160 [PID:97491] [TID:8470126720] Supabase client created successfully
2026-01-01 17:23:06 [INFO] logging:emit:1160 [PID:97491] [TID:8470126720] Created record in target_agents: d24f5240-90b0-439f-9766-df002357cbbb
2026-01-01 17:25:07 [INFO] logging:emit:1160 [PID:97491] [TID:8470126720] Created record in target_agents: a2f0c230-0064-4de7-8066-86fb62a6e531
2026-01-01 17:25:08 [ERROR] logging:emit:1160 [PID:97491] [TID:8470126720] Failed to create agent in Pranthora: 'UserAgentCreate' object has no attribute 'description'
2026-01-01 17:25:08 [ERROR] logging:emit:1160 [PID:97491] [TID:8470126720] Error inserting into user_agents: {'message': "Could not find the 'agent_model_config' column of 'user_agents' in the schema cache", 'code': 'PGRST204', 'hint': None, 'details': None}
2026-01-01 17:25:08 [ERROR] logging:emit:1160 [PID:97491] [TID:8470126720] Error creating record in user_agents: No data returned from insert operation
2026-01-01 17:25:08 [ERROR] logging:emit:1160 [PID:97491] [TID:8470126720] Error creating user agent: No data returned from insert operation
2026-01-01 17:25:08 [ERROR] logging:emit:1160 [PID:97491] [TID:8470126720] Error inserting into test_cases: {'message': 'insert or update on table "test_cases" violates foreign key constraint "test_cases_test_suite_id_fkey"', 'code': '23503', 'hint': None, 'details': 'Key (test_suite_id)=(550e8400-e29b-41d4-a716-446655440004) is not present in table "test_suites".'}
2026-01-01 17:25:08 [ERROR] logging:emit:1160 [PID:97491] [TID:8470126720] Error creating record in test_cases: No data returned from insert operation
2026-01-01 17:25:08 [ERROR] logging:emit:1160 [PID:97491] [TID:8470126720] Error creating test case: No data returned from insert operation
2026-01-01 17:26:22 [INFO] logging:emit:1160 [PID:97491] [TID:8470126720] Created record in target_agents: 3c4f4024-c09d-4fe7-9831-9a21347bfbb6
2026-01-01 17:26:22 [ERROR] logging:emit:1160 [PID:97491] [TID:8470126720] Failed to create agent in Pranthora: 'UserAgentCreate' object has no attribute 'description'
2026-01-01 17:26:22 [ERROR] logging:emit:1160 [PID:97491] [TID:8470126720] Error inserting into user_agents: {'message': "Could not find the 'agent_model_config' column of 'user_agents' in the schema cache", 'code': 'PGRST204', 'hint': None, 'details': None}
2026-01-01 17:26:22 [ERROR] logging:emit:1160 [PID:97491] [TID:8470126720] Error creating record in user_agents: No data returned from insert operation
2026-01-01 17:26:22 [ERROR] logging:emit:1160 [PID:97491] [TID:8470126720] Error creating user agent: No data returned from insert operation
2026-01-01 17:26:22 [ERROR] logging:emit:1160 [PID:97491] [TID:8470126720] Error inserting into test_cases: {'message': 'insert or update on table "test_cases" violates foreign key constraint "test_cases_test_suite_id_fkey"', 'code': '23503', 'hint': None, 'details': 'Key (test_suite_id)=(550e8400-e29b-41d4-a716-446655440004) is not present in table "test_suites".'}
2026-01-01 17:26:22 [ERROR] logging:emit:1160 [PID:97491] [TID:8470126720] Error creating record in test_cases: No data returned from insert operation
2026-01-01 17:26:22 [ERROR] logging:emit:1160 [PID:97491] [TID:8470126720] Error creating test case: No data returned from insert operation
2026-01-01 17:26:22 [INFO] logging:emit:1160 [PID:97491] [TID:8470126720] Started web test: 7a8aa3fd-5203-471c-ac37-580c9159145a, 3 concurrent connections, timeout: 30s
2026-01-01 17:26:22 [INFO] logging:emit:1160 [PID:97491] [TID:8470126720] Starting web scaled test: 3 concurrent connections, timeout: 30s, test_id: 7a8aa3fd-5203-471c-ac37-580c9159145a
2026-01-01 17:26:22 [INFO] logging:emit:1160 [PID:97491] [TID:8470126720] [Target-0] Connecting to ws://localhost:5050/api/call/media-stream/agents/b9f92d26-9544-44cb-a5f1-2c756af90fd0?call_sid=e22e41d9-13b5-46e7-bc3e-3f1761dad3d6
2026-01-01 17:26:22 [INFO] logging:emit:1160 [PID:97491] [TID:8470126720] [User-0] Connecting to ws://localhost:5050/api/call/web-media-stream?agent_id=31b6d051-7619-4f1b-8646-34c6016c30f3
2026-01-01 17:26:22 [INFO] logging:emit:1160 [PID:97491] [TID:8470126720] [Target-1] Connecting to ws://localhost:5050/api/call/media-stream/agents/b9f92d26-9544-44cb-a5f1-2c756af90fd0?call_sid=3b327d08-d827-4d47-a815-074877b1e73d
2026-01-01 17:26:22 [INFO] logging:emit:1160 [PID:97491] [TID:8470126720] [User-1] Connecting to ws://localhost:5050/api/call/web-media-stream?agent_id=31b6d051-7619-4f1b-8646-34c6016c30f3
2026-01-01 17:26:22 [INFO] logging:emit:1160 [PID:97491] [TID:8470126720] [Target-2] Connecting to ws://localhost:5050/api/call/media-stream/agents/b9f92d26-9544-44cb-a5f1-2c756af90fd0?call_sid=ccbfcaf3-a337-40b5-9f04-2ef71bba76b4
2026-01-01 17:26:22 [INFO] logging:emit:1160 [PID:97491] [TID:8470126720] [User-2] Connecting to ws://localhost:5050/api/call/web-media-stream?agent_id=31b6d051-7619-4f1b-8646-34c6016c30f3
2026-01-01 17:26:22 [ERROR] logging:emit:1160 [PID:97491] [TID:8470126720] [Target-0] Connection failed: [Errno 61] Connection refused
2026-01-01 17:26:22 [ERROR] logging:emit:1160 [PID:97491] [TID:8470126720] [User-0] Connection failed: [Errno 61] Connection refused
2026-01-01 17:26:22 [ERROR] logging:emit:1160 [PID:97491] [TID:8470126720] [Target-1] Connection failed: [Errno 61] Connection refused
2026-01-01 17:26:22 [ERROR] logging:emit:1160 [PID:97491] [TID:8470126720] [User-1] Connection failed: [Errno 61] Connection refused
2026-01-01 17:26:22 [ERROR] logging:emit:1160 [PID:97491] [TID:8470126720] [Target-2] Connection failed: [Errno 61] Connection refused
2026-01-01 17:26:22 [ERROR] logging:emit:1160 [PID:97491] [TID:8470126720] [User-2] Connection failed: [Errno 61] Connection refused
2026-01-01 17:26:22 [INFO] logging:emit:1160 [PID:97491] [TID:8470126720] Web scaled test completed: 3/3 successful, duration: 0.02s
2026-01-01 17:26:22 [INFO] logging:emit:1160 [PID:97491] [TID:8470126720] Web test 7a8aa3fd-5203-471c-ac37-580c9159145a completed: {'test_id': '7a8aa3fd-5203-471c-ac37-580c9159145a', 'concurrent_requests': 3, 'timeout': 30, 'successful_connections': 3, 'failed_connections': 0, 'duration_seconds': 0.01649308204650879, 'recording_path': 'test_suite_recordings/7a8aa3fd-5203-471c-ac37-580c9159145a', 'results': [{'success': True, 'connection_number': 0, 'recording_file': 'test_suite_recordings/7a8aa3fd-5203-471c-ac37-580c9159145a/conn_0.wav', 'audio_bytes': 0}, {'success': True, 'connection_number': 1, 'recording_file': 'test_suite_recordings/7a8aa3fd-5203-471c-ac37-580c9159145a/conn_1.wav', 'audio_bytes': 0}, {'success': True, 'connection_number': 2, 'recording_file': 'test_suite_recordings/7a8aa3fd-5203-471c-ac37-580c9159145a/conn_2.wav', 'audio_bytes': 0}]}
2026-01-01 17:26:47 [ERROR] logging:emit:1160 [PID:97491] [TID:8470126720] Failed to create agent in Pranthora: 'UserAgentCreate' object has no attribute 'description'
2026-01-01 17:26:47 [ERROR] logging:emit:1160 [PID:97491] [TID:8470126720] Error inserting into user_agents: {'message': "Could not find the 'agent_model_config' column of 'user_agents' in the schema cache", 'code': 'PGRST204', 'hint': None, 'details': None}
2026-01-01 17:26:47 [ERROR] logging:emit:1160 [PID:97491] [TID:8470126720] Error creating record in user_agents: No data returned from insert operation
2026-01-01 17:26:47 [ERROR] logging:emit:1160 [PID:97491] [TID:8470126720] Error creating user agent: No data returned from insert operation
2026-01-01 17:27:18 [ERROR] logging:emit:1160 [PID:97491] [TID:8470126720] Failed to create agent in Pranthora: 'UserAgentCreate' object has no attribute 'description'
2026-01-01 17:27:18 [ERROR] logging:emit:1160 [PID:97491] [TID:8470126720] Error inserting into user_agents: {'message': "Could not find the 'agent_model_config' column of 'user_agents' in the schema cache", 'code': 'PGRST204', 'hint': None, 'details': None}
2026-01-01 17:27:18 [ERROR] logging:emit:1160 [PID:97491] [TID:8470126720] Error creating record in user_agents: No data returned from insert operation
2026-01-01 17:27:18 [ERROR] logging:emit:1160 [PID:97491] [TID:8470126720] Error creating user agent: No data returned from insert operation
2026-01-01 17:27:21 [INFO] logging:emit:1160 [PID:97491] [TID:8470126720] Voice Testing Platform shutdown
2026-01-01 17:27:23 [INFO] logging:emit:1160 [PID:97894] [TID:8470126720] Initializing static memory cache...
2026-01-01 17:27:23 [INFO] logging:emit:1160 [PID:97894] [TID:8470126720] Static memory cache initialized successfully
2026-01-01 17:27:23 [INFO] logging:emit:1160 [PID:97894] [TID:8470126720] Starting Voice Testing Platform on 0.0.0.0:8080
2026-01-01 17:27:23 [INFO] logging:emit:1160 [PID:97894] [TID:8470126720] Voice Testing Platform startup
2026-01-01 17:27:24 [ERROR] logging:emit:1160 [PID:97894] [TID:8470126720] Failed to create agent in Pranthora: 'UserAgentCreate' object has no attribute 'description'
2026-01-01 17:27:24 [INFO] logging:emit:1160 [PID:97894] [TID:8470126720] Supabase client created successfully
2026-01-01 17:27:24 [INFO] logging:emit:1160 [PID:97894] [TID:8470126720] Supabase inserting into user_agents: {'user_id': '31b6d051-7619-4f1b-8646-34c6016c30f3', 'name': 'Test User Agent', 'system_prompt': 'You are a helpful customer service agent. Be friendly and professional.', 'evaluation_criteria': None, 'agent_model_config': None, 'pranthora_agent_id': None, 'created_at': '2026-01-01T11:57:24.847643', 'updated_at': '2026-01-01T11:57:24.847649'}
2026-01-01 17:27:24 [ERROR] logging:emit:1160 [PID:97894] [TID:8470126720] Error inserting into user_agents: 'AsyncQueryRequestBuilder' object has no attribute 'select'
2026-01-01 17:27:24 [ERROR] logging:emit:1160 [PID:97894] [TID:8470126720] Error creating record in user_agents: No data returned from insert operation
2026-01-01 17:27:24 [ERROR] logging:emit:1160 [PID:97894] [TID:8470126720] Error creating user agent: No data returned from insert operation
2026-01-01 17:27:38 [INFO] logging:emit:1160 [PID:97894] [TID:8470126720] Voice Testing Platform shutdown
2026-01-01 17:27:41 [INFO] logging:emit:1160 [PID:97960] [TID:8470126720] Initializing static memory cache...
2026-01-01 17:27:41 [INFO] logging:emit:1160 [PID:97960] [TID:8470126720] Static memory cache initialized successfully
2026-01-01 17:27:41 [INFO] logging:emit:1160 [PID:97960] [TID:8470126720] Starting Voice Testing Platform on 0.0.0.0:8080
2026-01-01 17:27:41 [INFO] logging:emit:1160 [PID:97960] [TID:8470126720] Voice Testing Platform startup
2026-01-01 17:27:42 [INFO] logging:emit:1160 [PID:97960] [TID:8470126720] Creating agent in Pranthora: Test User Agent
2026-01-01 17:27:43 [ERROR] logging:emit:1160 [PID:97960] [TID:8470126720] Failed to create agent in Pranthora: 401 - {"detail":"Authentication failed: invalid JWT: unable to parse or verify signature, token is malformed: token contains an invalid number of segments"}
2026-01-01 17:27:43 [ERROR] logging:emit:1160 [PID:97960] [TID:8470126720] Error creating agent in Pranthora: Pranthora API error: 401 - {"detail":"Authentication failed: invalid JWT: unable to parse or verify signature, token is malformed: token contains an invalid number of segments"}
2026-01-01 17:27:43 [ERROR] logging:emit:1160 [PID:97960] [TID:8470126720] Failed to create agent in Pranthora: Pranthora API error: 401 - {"detail":"Authentication failed: invalid JWT: unable to parse or verify signature, token is malformed: token contains an invalid number of segments"}
2026-01-01 17:27:43 [INFO] logging:emit:1160 [PID:97960] [TID:8470126720] Supabase client created successfully
2026-01-01 17:27:43 [INFO] logging:emit:1160 [PID:97960] [TID:8470126720] Supabase inserting into user_agents: {'user_id': '31b6d051-7619-4f1b-8646-34c6016c30f3', 'name': 'Test User Agent', 'system_prompt': 'You are a helpful customer service agent. Be friendly and professional.', 'evaluation_criteria': None, 'agent_model_config': None, 'pranthora_agent_id': None, 'created_at': '2026-01-01T11:57:43.739446', 'updated_at': '2026-01-01T11:57:43.739456'}
2026-01-01 17:27:44 [ERROR] logging:emit:1160 [PID:97960] [TID:8470126720] Error inserting into user_agents: {'message': "Could not find the 'agent_model_config' column of 'user_agents' in the schema cache", 'code': 'PGRST204', 'hint': None, 'details': None}
2026-01-01 17:27:44 [ERROR] logging:emit:1160 [PID:97960] [TID:8470126720] Error creating record in user_agents: No data returned from insert operation
2026-01-01 17:27:44 [ERROR] logging:emit:1160 [PID:97960] [TID:8470126720] Error creating user agent: No data returned from insert operation
2026-01-01 17:28:02 [INFO] logging:emit:1160 [PID:97960] [TID:8470126720] Voice Testing Platform shutdown
2026-01-01 17:28:05 [INFO] logging:emit:1160 [PID:98022] [TID:8470126720] Initializing static memory cache...
2026-01-01 17:28:05 [INFO] logging:emit:1160 [PID:98022] [TID:8470126720] Static memory cache initialized successfully
2026-01-01 17:28:05 [INFO] logging:emit:1160 [PID:98022] [TID:8470126720] Starting Voice Testing Platform on 0.0.0.0:8080
2026-01-01 17:28:05 [INFO] logging:emit:1160 [PID:98022] [TID:8470126720] Voice Testing Platform startup
2026-01-01 17:28:06 [INFO] logging:emit:1160 [PID:98022] [TID:8470126720] Creating agent in Pranthora: Test User Agent
2026-01-01 17:28:07 [ERROR] logging:emit:1160 [PID:98022] [TID:8470126720] Failed to create agent in Pranthora: 401 - {"detail":"Authentication failed: invalid JWT: unable to parse or verify signature, token is malformed: token contains an invalid number of segments"}
2026-01-01 17:28:07 [ERROR] logging:emit:1160 [PID:98022] [TID:8470126720] Error creating agent in Pranthora: Pranthora API error: 401 - {"detail":"Authentication failed: invalid JWT: unable to parse or verify signature, token is malformed: token contains an invalid number of segments"}
2026-01-01 17:28:07 [ERROR] logging:emit:1160 [PID:98022] [TID:8470126720] Failed to create agent in Pranthora: Pranthora API error: 401 - {"detail":"Authentication failed: invalid JWT: unable to parse or verify signature, token is malformed: token contains an invalid number of segments"}
2026-01-01 17:28:07 [INFO] logging:emit:1160 [PID:98022] [TID:8470126720] Supabase client created successfully
2026-01-01 17:28:07 [INFO] logging:emit:1160 [PID:98022] [TID:8470126720] Supabase inserting into user_agents: {'user_id': '31b6d051-7619-4f1b-8646-34c6016c30f3', 'name': 'Test User Agent', 'system_prompt': 'You are a helpful customer service agent. Be friendly and professional.', 'evaluation_criteria': None, 'pranthora_agent_id': None, 'created_at': '2026-01-01T11:58:07.269856', 'updated_at': '2026-01-01T11:58:07.269865'}
2026-01-01 17:28:07 [INFO] logging:emit:1160 [PID:98022] [TID:8470126720] Supabase insert result: data=[{'id': '88f893b1-85c4-437a-8972-ca136f128d9a', 'user_id': '31b6d051-7619-4f1b-8646-34c6016c30f3', 'name': 'Test User Agent', 'system_prompt': 'You are a helpful customer service agent. Be friendly and professional.', 'evaluation_criteria': None, 'model_config': None, 'created_at': '2026-01-01T11:58:07.269856', 'updated_at': '2026-01-01T11:58:07.269865', 'pranthora_agent_id': None}] count=None
2026-01-01 17:28:07 [INFO] logging:emit:1160 [PID:98022] [TID:8470126720] Supabase insert result.data: [{'id': '88f893b1-85c4-437a-8972-ca136f128d9a', 'user_id': '31b6d051-7619-4f1b-8646-34c6016c30f3', 'name': 'Test User Agent', 'system_prompt': 'You are a helpful customer service agent. Be friendly and professional.', 'evaluation_criteria': None, 'model_config': None, 'created_at': '2026-01-01T11:58:07.269856', 'updated_at': '2026-01-01T11:58:07.269865', 'pranthora_agent_id': None}]
2026-01-01 17:28:07 [INFO] logging:emit:1160 [PID:98022] [TID:8470126720] Created record in user_agents: 88f893b1-85c4-437a-8972-ca136f128d9a
2026-01-01 17:28:07 [INFO] logging:emit:1160 [PID:98022] [TID:8470126720] Created agent in local DB: 88f893b1-85c4-437a-8972-ca136f128d9a
2026-01-01 17:28:16 [INFO] logging:emit:1160 [PID:98022] [TID:8470126720] Supabase inserting into test_suites: {'user_id': '31b6d051-7619-4f1b-8646-34c6016c30f3', 'name': 'Voice Agent Test Suite', 'description': 'Testing voice agent interactions and responses', 'target_agent_id': '3c4f4024-c09d-4fe7-9831-9a21347bfbb6', 'user_agent_id': '88f893b1-85c4-437a-8972-ca136f128d9a', 'created_at': '2026-01-01T11:58:16.720767', 'updated_at': '2026-01-01T11:58:16.720776'}
2026-01-01 17:28:17 [INFO] logging:emit:1160 [PID:98022] [TID:8470126720] Supabase insert result: data=[{'id': '20046318-8654-4365-a047-33d013a47fa6', 'user_id': '31b6d051-7619-4f1b-8646-34c6016c30f3', 'name': 'Voice Agent Test Suite', 'description': 'Testing voice agent interactions and responses', 'target_agent_id': '3c4f4024-c09d-4fe7-9831-9a21347bfbb6', 'user_agent_id': '88f893b1-85c4-437a-8972-ca136f128d9a', 'created_at': '2026-01-01T11:58:16.720767', 'updated_at': '2026-01-01T11:58:16.720776'}] count=None
2026-01-01 17:28:17 [INFO] logging:emit:1160 [PID:98022] [TID:8470126720] Supabase insert result.data: [{'id': '20046318-8654-4365-a047-33d013a47fa6', 'user_id': '31b6d051-7619-4f1b-8646-34c6016c30f3', 'name': 'Voice Agent Test Suite', 'description': 'Testing voice agent interactions and responses', 'target_agent_id': '3c4f4024-c09d-4fe7-9831-9a21347bfbb6', 'user_agent_id': '88f893b1-85c4-437a-8972-ca136f128d9a', 'created_at': '2026-01-01T11:58:16.720767', 'updated_at': '2026-01-01T11:58:16.720776'}]
2026-01-01 17:28:17 [INFO] logging:emit:1160 [PID:98022] [TID:8470126720] Created record in test_suites: 20046318-8654-4365-a047-33d013a47fa6
2026-01-01 17:28:19 [INFO] logging:emit:1160 [PID:98022] [TID:8470126720] Supabase inserting into test_cases: {'name': 'Basic Greeting Test', 'steps': [{'action': 'speak', 'text': 'Hello, can you help me with my account?'}], 'conditions': [{'type': 'response_contains', 'expected': 'Hello'}], 'expected_outcome': 'Agent should greet customer and offer assistance', 'timeout_seconds': 30, 'order_index': 0, 'is_active': True, 'test_suite_id': '20046318-8654-4365-a047-33d013a47fa6', 'created_at': '2026-01-01T11:58:19.676857', 'updated_at': '2026-01-01T11:58:19.676863'}
2026-01-01 17:28:19 [INFO] logging:emit:1160 [PID:98022] [TID:8470126720] Supabase insert result: data=[{'id': '4cab2bad-9650-4db5-9164-ff2314155361', 'test_suite_id': '20046318-8654-4365-a047-33d013a47fa6', 'name': 'Basic Greeting Test', 'steps': [{'text': 'Hello, can you help me with my account?', 'action': 'speak'}], 'conditions': [{'type': 'response_contains', 'expected': 'Hello'}], 'expected_outcome': 'Agent should greet customer and offer assistance', 'timeout_seconds': 30, 'order_index': 0, 'is_active': True, 'created_at': '2026-01-01T11:58:19.676857', 'updated_at': '2026-01-01T11:58:19.676863'}] count=None
2026-01-01 17:28:19 [INFO] logging:emit:1160 [PID:98022] [TID:8470126720] Supabase insert result.data: [{'id': '4cab2bad-9650-4db5-9164-ff2314155361', 'test_suite_id': '20046318-8654-4365-a047-33d013a47fa6', 'name': 'Basic Greeting Test', 'steps': [{'text': 'Hello, can you help me with my account?', 'action': 'speak'}], 'conditions': [{'type': 'response_contains', 'expected': 'Hello'}], 'expected_outcome': 'Agent should greet customer and offer assistance', 'timeout_seconds': 30, 'order_index': 0, 'is_active': True, 'created_at': '2026-01-01T11:58:19.676857', 'updated_at': '2026-01-01T11:58:19.676863'}]
2026-01-01 17:28:19 [INFO] logging:emit:1160 [PID:98022] [TID:8470126720] Created record in test_cases: 4cab2bad-9650-4db5-9164-ff2314155361
2026-01-01 17:28:33 [INFO] logging:emit:1160 [PID:98022] [TID:8470126720] Supabase inserting into target_agents: {'user_id': '31b6d051-7619-4f1b-8646-34c6016c30f3', 'name': 'Test Target Agent', 'websocket_url': 'ws://localhost:5050/api/call/media-stream/agents/b9f92d26-9544-44cb-a5f1-2c756af90fd0', 'sample_rate': 8000, 'encoding': 'mulaw', 'created_at': '2026-01-01T11:58:33.602674', 'updated_at': '2026-01-01T11:58:33.602684'}
2026-01-01 17:28:33 [INFO] logging:emit:1160 [PID:98022] [TID:8470126720] Supabase insert result: data=[{'id': '71954ae9-a804-499d-9599-365e2e2b6f13', 'user_id': '31b6d051-7619-4f1b-8646-34c6016c30f3', 'name': 'Test Target Agent', 'websocket_url': 'ws://localhost:5050/api/call/media-stream/agents/b9f92d26-9544-44cb-a5f1-2c756af90fd0', 'sample_rate': 8000, 'encoding': 'mulaw', 'created_at': '2026-01-01T11:58:33.602674', 'updated_at': '2026-01-01T11:58:33.602684'}] count=None
2026-01-01 17:28:33 [INFO] logging:emit:1160 [PID:98022] [TID:8470126720] Supabase insert result.data: [{'id': '71954ae9-a804-499d-9599-365e2e2b6f13', 'user_id': '31b6d051-7619-4f1b-8646-34c6016c30f3', 'name': 'Test Target Agent', 'websocket_url': 'ws://localhost:5050/api/call/media-stream/agents/b9f92d26-9544-44cb-a5f1-2c756af90fd0', 'sample_rate': 8000, 'encoding': 'mulaw', 'created_at': '2026-01-01T11:58:33.602674', 'updated_at': '2026-01-01T11:58:33.602684'}]
2026-01-01 17:28:33 [INFO] logging:emit:1160 [PID:98022] [TID:8470126720] Created record in target_agents: 71954ae9-a804-499d-9599-365e2e2b6f13
2026-01-01 17:28:34 [INFO] logging:emit:1160 [PID:98022] [TID:8470126720] Creating agent in Pranthora: Test User Agent
2026-01-01 17:28:34 [ERROR] logging:emit:1160 [PID:98022] [TID:8470126720] Failed to create agent in Pranthora: 401 - {"detail":"Authentication failed: invalid JWT: unable to parse or verify signature, token is malformed: token contains an invalid number of segments"}
2026-01-01 17:28:34 [ERROR] logging:emit:1160 [PID:98022] [TID:8470126720] Error creating agent in Pranthora: Pranthora API error: 401 - {"detail":"Authentication failed: invalid JWT: unable to parse or verify signature, token is malformed: token contains an invalid number of segments"}
2026-01-01 17:28:34 [ERROR] logging:emit:1160 [PID:98022] [TID:8470126720] Failed to create agent in Pranthora: Pranthora API error: 401 - {"detail":"Authentication failed: invalid JWT: unable to parse or verify signature, token is malformed: token contains an invalid number of segments"}
2026-01-01 17:28:34 [INFO] logging:emit:1160 [PID:98022] [TID:8470126720] Supabase inserting into user_agents: {'user_id': '31b6d051-7619-4f1b-8646-34c6016c30f3', 'name': 'Test User Agent', 'system_prompt': 'You are a helpful customer service agent. Be friendly and professional.', 'evaluation_criteria': {'accuracy': 0.8, 'response_time': 5.0}, 'pranthora_agent_id': None, 'created_at': '2026-01-01T11:58:34.653974', 'updated_at': '2026-01-01T11:58:34.653983'}
2026-01-01 17:28:34 [INFO] logging:emit:1160 [PID:98022] [TID:8470126720] Supabase insert result: data=[{'id': '6ef523d4-1e84-4b2b-816e-94becd46f91f', 'user_id': '31b6d051-7619-4f1b-8646-34c6016c30f3', 'name': 'Test User Agent', 'system_prompt': 'You are a helpful customer service agent. Be friendly and professional.', 'evaluation_criteria': {'accuracy': 0.8, 'response_time': 5.0}, 'model_config': None, 'created_at': '2026-01-01T11:58:34.653974', 'updated_at': '2026-01-01T11:58:34.653983', 'pranthora_agent_id': None}] count=None
2026-01-01 17:28:34 [INFO] logging:emit:1160 [PID:98022] [TID:8470126720] Supabase insert result.data: [{'id': '6ef523d4-1e84-4b2b-816e-94becd46f91f', 'user_id': '31b6d051-7619-4f1b-8646-34c6016c30f3', 'name': 'Test User Agent', 'system_prompt': 'You are a helpful customer service agent. Be friendly and professional.', 'evaluation_criteria': {'accuracy': 0.8, 'response_time': 5.0}, 'model_config': None, 'created_at': '2026-01-01T11:58:34.653974', 'updated_at': '2026-01-01T11:58:34.653983', 'pranthora_agent_id': None}]
2026-01-01 17:28:34 [INFO] logging:emit:1160 [PID:98022] [TID:8470126720] Created record in user_agents: 6ef523d4-1e84-4b2b-816e-94becd46f91f
2026-01-01 17:28:34 [INFO] logging:emit:1160 [PID:98022] [TID:8470126720] Created agent in local DB: 6ef523d4-1e84-4b2b-816e-94becd46f91f
2026-01-01 17:28:35 [INFO] logging:emit:1160 [PID:98022] [TID:8470126720] Supabase inserting into test_suites: {'user_id': '31b6d051-7619-4f1b-8646-34c6016c30f3', 'name': 'Voice Agent Test Suite', 'description': 'Testing voice agent interactions and responses', 'target_agent_id': '3c4f4024-c09d-4fe7-9831-9a21347bfbb6', 'user_agent_id': '88f893b1-85c4-437a-8972-ca136f128d9a', 'created_at': '2026-01-01T11:58:35.083598', 'updated_at': '2026-01-01T11:58:35.083612'}
2026-01-01 17:28:35 [INFO] logging:emit:1160 [PID:98022] [TID:8470126720] Supabase insert result: data=[{'id': '25edb853-fa99-4216-a298-d93bc52cdf15', 'user_id': '31b6d051-7619-4f1b-8646-34c6016c30f3', 'name': 'Voice Agent Test Suite', 'description': 'Testing voice agent interactions and responses', 'target_agent_id': '3c4f4024-c09d-4fe7-9831-9a21347bfbb6', 'user_agent_id': '88f893b1-85c4-437a-8972-ca136f128d9a', 'created_at': '2026-01-01T11:58:35.083598', 'updated_at': '2026-01-01T11:58:35.083612'}] count=None
2026-01-01 17:28:35 [INFO] logging:emit:1160 [PID:98022] [TID:8470126720] Supabase insert result.data: [{'id': '25edb853-fa99-4216-a298-d93bc52cdf15', 'user_id': '31b6d051-7619-4f1b-8646-34c6016c30f3', 'name': 'Voice Agent Test Suite', 'description': 'Testing voice agent interactions and responses', 'target_agent_id': '3c4f4024-c09d-4fe7-9831-9a21347bfbb6', 'user_agent_id': '88f893b1-85c4-437a-8972-ca136f128d9a', 'created_at': '2026-01-01T11:58:35.083598', 'updated_at': '2026-01-01T11:58:35.083612'}]
2026-01-01 17:28:35 [INFO] logging:emit:1160 [PID:98022] [TID:8470126720] Created record in test_suites: 25edb853-fa99-4216-a298-d93bc52cdf15
2026-01-01 17:28:35 [INFO] logging:emit:1160 [PID:98022] [TID:8470126720] Supabase inserting into test_cases: {'name': 'Basic Greeting Test', 'steps': [{'action': 'speak', 'text': 'Hello, can you help me with my account?'}], 'conditions': [{'type': 'response_contains', 'expected': 'Hello'}], 'expected_outcome': 'Agent should greet customer and offer assistance', 'timeout_seconds': 30, 'order_index': 0, 'is_active': True, 'test_suite_id': '20046318-8654-4365-a047-33d013a47fa6', 'created_at': '2026-01-01T11:58:35.446374', 'updated_at': '2026-01-01T11:58:35.446383'}
2026-01-01 17:28:35 [INFO] logging:emit:1160 [PID:98022] [TID:8470126720] Supabase insert result: data=[{'id': '66d40002-c567-4377-9433-fa25bb9050df', 'test_suite_id': '20046318-8654-4365-a047-33d013a47fa6', 'name': 'Basic Greeting Test', 'steps': [{'text': 'Hello, can you help me with my account?', 'action': 'speak'}], 'conditions': [{'type': 'response_contains', 'expected': 'Hello'}], 'expected_outcome': 'Agent should greet customer and offer assistance', 'timeout_seconds': 30, 'order_index': 0, 'is_active': True, 'created_at': '2026-01-01T11:58:35.446374', 'updated_at': '2026-01-01T11:58:35.446383'}] count=None
2026-01-01 17:28:35 [INFO] logging:emit:1160 [PID:98022] [TID:8470126720] Supabase insert result.data: [{'id': '66d40002-c567-4377-9433-fa25bb9050df', 'test_suite_id': '20046318-8654-4365-a047-33d013a47fa6', 'name': 'Basic Greeting Test', 'steps': [{'text': 'Hello, can you help me with my account?', 'action': 'speak'}], 'conditions': [{'type': 'response_contains', 'expected': 'Hello'}], 'expected_outcome': 'Agent should greet customer and offer assistance', 'timeout_seconds': 30, 'order_index': 0, 'is_active': True, 'created_at': '2026-01-01T11:58:35.446374', 'updated_at': '2026-01-01T11:58:35.446383'}]
2026-01-01 17:28:35 [INFO] logging:emit:1160 [PID:98022] [TID:8470126720] Created record in test_cases: 66d40002-c567-4377-9433-fa25bb9050df
2026-01-01 17:28:35 [INFO] logging:emit:1160 [PID:98022] [TID:8470126720] Started web scaled test: 04095657-dec2-40d9-afe9-bfb9baf2a053, 3 concurrent connections, timeout: 30s
2026-01-01 17:28:35 [INFO] logging:emit:1160 [PID:98022] [TID:8470126720] Starting web scaled test: 3 concurrent connections, timeout: 30s, test_id: 04095657-dec2-40d9-afe9-bfb9baf2a053
2026-01-01 17:28:35 [INFO] logging:emit:1160 [PID:98022] [TID:8470126720] [Target-0] Connecting to ws://localhost:5050/api/call/media-stream/agents/b9f92d26-9544-44cb-a5f1-2c756af90fd0?call_sid=34ac8fdd-c055-402e-aef2-e8e67974e0f1
2026-01-01 17:28:35 [INFO] logging:emit:1160 [PID:98022] [TID:8470126720] [User-0] Connecting to ws://localhost:5050/api/call/web-media-stream?agent_id=31b6d051-7619-4f1b-8646-34c6016c30f3
2026-01-01 17:28:35 [INFO] logging:emit:1160 [PID:98022] [TID:8470126720] [Target-1] Connecting to ws://localhost:5050/api/call/media-stream/agents/b9f92d26-9544-44cb-a5f1-2c756af90fd0?call_sid=2e4557f3-1519-4b6f-9b0a-c61065ab3f8c
2026-01-01 17:28:35 [INFO] logging:emit:1160 [PID:98022] [TID:8470126720] [User-1] Connecting to ws://localhost:5050/api/call/web-media-stream?agent_id=31b6d051-7619-4f1b-8646-34c6016c30f3
2026-01-01 17:28:35 [INFO] logging:emit:1160 [PID:98022] [TID:8470126720] [Target-2] Connecting to ws://localhost:5050/api/call/media-stream/agents/b9f92d26-9544-44cb-a5f1-2c756af90fd0?call_sid=e4e2d9bc-32f5-4d5d-afc1-e19b0e5977d7
2026-01-01 17:28:35 [INFO] logging:emit:1160 [PID:98022] [TID:8470126720] [User-2] Connecting to ws://localhost:5050/api/call/web-media-stream?agent_id=31b6d051-7619-4f1b-8646-34c6016c30f3
2026-01-01 17:28:35 [ERROR] logging:emit:1160 [PID:98022] [TID:8470126720] [Target-0] Connection failed: Multiple exceptions: [Errno 61] Connect call failed ('::1', 5050, 0, 0), [Errno 61] Connect call failed ('127.0.0.1', 5050)
2026-01-01 17:28:35 [ERROR] logging:emit:1160 [PID:98022] [TID:8470126720] [User-0] Connection failed: Multiple exceptions: [Errno 61] Connect call failed ('::1', 5050, 0, 0), [Errno 61] Connect call failed ('127.0.0.1', 5050)
2026-01-01 17:28:35 [ERROR] logging:emit:1160 [PID:98022] [TID:8470126720] [Target-1] Connection failed: Multiple exceptions: [Errno 61] Connect call failed ('::1', 5050, 0, 0), [Errno 61] Connect call failed ('127.0.0.1', 5050)
2026-01-01 17:28:35 [ERROR] logging:emit:1160 [PID:98022] [TID:8470126720] [User-1] Connection failed: Multiple exceptions: [Errno 61] Connect call failed ('::1', 5050, 0, 0), [Errno 61] Connect call failed ('127.0.0.1', 5050)
2026-01-01 17:28:35 [ERROR] logging:emit:1160 [PID:98022] [TID:8470126720] [Target-2] Connection failed: Multiple exceptions: [Errno 61] Connect call failed ('::1', 5050, 0, 0), [Errno 61] Connect call failed ('127.0.0.1', 5050)
2026-01-01 17:28:35 [ERROR] logging:emit:1160 [PID:98022] [TID:8470126720] [User-2] Connection failed: Multiple exceptions: [Errno 61] Connect call failed ('::1', 5050, 0, 0), [Errno 61] Connect call failed ('127.0.0.1', 5050)
2026-01-01 17:28:35 [INFO] logging:emit:1160 [PID:98022] [TID:8470126720] Web scaled test completed: 3/3 successful, duration: 0.03s
2026-01-01 17:28:35 [INFO] logging:emit:1160 [PID:98022] [TID:8470126720] Web test 04095657-dec2-40d9-afe9-bfb9baf2a053 completed: {'test_id': '04095657-dec2-40d9-afe9-bfb9baf2a053', 'concurrent_requests': 3, 'timeout': 30, 'successful_connections': 3, 'failed_connections': 0, 'duration_seconds': 0.026501893997192383, 'recording_path': 'test_suite_recordings/04095657-dec2-40d9-afe9-bfb9baf2a053', 'results': [{'success': True, 'connection_number': 0, 'recording_file': 'test_suite_recordings/04095657-dec2-40d9-afe9-bfb9baf2a053/conn_0.wav', 'audio_bytes': 0}, {'success': True, 'connection_number': 1, 'recording_file': 'test_suite_recordings/04095657-dec2-40d9-afe9-bfb9baf2a053/conn_1.wav', 'audio_bytes': 0}, {'success': True, 'connection_number': 2, 'recording_file': 'test_suite_recordings/04095657-dec2-40d9-afe9-bfb9baf2a053/conn_2.wav', 'audio_bytes': 0}]}
2026-01-01 17:33:04 [INFO] logging:emit:1160 [PID:98313] [TID:8470126720] Initializing static memory cache...
2026-01-01 17:33:04 [INFO] logging:emit:1160 [PID:98313] [TID:8470126720] Static memory cache initialized successfully
2026-01-01 17:33:04 [INFO] logging:emit:1160 [PID:98313] [TID:8470126720] Starting Voice Testing Platform on 0.0.0.0:8080
2026-01-01 17:33:04 [INFO] logging:emit:1160 [PID:98313] [TID:8470126720] Voice Testing Platform startup
2026-01-01 17:33:04 [INFO] logging:emit:1160 [PID:98313] [TID:8470126720] Voice Testing Platform shutdown
2026-01-01 17:33:11 [INFO] logging:emit:1160 [PID:98533] [TID:8470126720] Initializing static memory cache...
2026-01-01 17:33:11 [INFO] logging:emit:1160 [PID:98533] [TID:8470126720] Static memory cache initialized successfully
2026-01-01 17:33:11 [INFO] logging:emit:1160 [PID:98533] [TID:8470126720] Starting Voice Testing Platform on 0.0.0.0:8080
2026-01-01 17:33:11 [INFO] logging:emit:1160 [PID:98533] [TID:8470126720] Voice Testing Platform startup
2026-01-01 17:33:16 [INFO] logging:emit:1160 [PID:98533] [TID:8470126720] Supabase client created successfully
2026-01-01 17:33:16 [INFO] logging:emit:1160 [PID:98533] [TID:8470126720] Supabase inserting into target_agents: {'user_id': '31b6d051-7619-4f1b-8646-34c6016c30f3', 'name': 'Test Target Agent', 'websocket_url': 'ws://localhost:5050/api/call/media-stream/agents/b9f92d26-9544-44cb-a5f1-2c756af90fd0', 'sample_rate': 8000, 'encoding': 'mulaw', 'created_at': '2026-01-01T12:03:16.157864', 'updated_at': '2026-01-01T12:03:16.157870'}
2026-01-01 17:33:16 [INFO] logging:emit:1160 [PID:98533] [TID:8470126720] Supabase insert result: data=[{'id': '86fdd6e0-2f1d-41e8-a279-2c4f903bb1eb', 'user_id': '31b6d051-7619-4f1b-8646-34c6016c30f3', 'name': 'Test Target Agent', 'websocket_url': 'ws://localhost:5050/api/call/media-stream/agents/b9f92d26-9544-44cb-a5f1-2c756af90fd0', 'sample_rate': 8000, 'encoding': 'mulaw', 'created_at': '2026-01-01T12:03:16.157864', 'updated_at': '2026-01-01T12:03:16.15787'}] count=None
2026-01-01 17:33:16 [INFO] logging:emit:1160 [PID:98533] [TID:8470126720] Supabase insert result.data: [{'id': '86fdd6e0-2f1d-41e8-a279-2c4f903bb1eb', 'user_id': '31b6d051-7619-4f1b-8646-34c6016c30f3', 'name': 'Test Target Agent', 'websocket_url': 'ws://localhost:5050/api/call/media-stream/agents/b9f92d26-9544-44cb-a5f1-2c756af90fd0', 'sample_rate': 8000, 'encoding': 'mulaw', 'created_at': '2026-01-01T12:03:16.157864', 'updated_at': '2026-01-01T12:03:16.15787'}]
2026-01-01 17:33:16 [INFO] logging:emit:1160 [PID:98533] [TID:8470126720] Created record in target_agents: 86fdd6e0-2f1d-41e8-a279-2c4f903bb1eb
2026-01-01 17:37:07 [INFO] logging:emit:1160 [PID:98533] [TID:8470126720] Creating agent in Pranthora: Test User Agent
2026-01-01 17:37:08 [ERROR] logging:emit:1160 [PID:98533] [TID:8470126720] Failed to create agent in Pranthora: 401 - {"detail":"Authentication failed: invalid JWT: unable to parse or verify signature, token is malformed: token contains an invalid number of segments"}
2026-01-01 17:37:08 [ERROR] logging:emit:1160 [PID:98533] [TID:8470126720] Error creating agent in Pranthora: Pranthora API error: 401 - {"detail":"Authentication failed: invalid JWT: unable to parse or verify signature, token is malformed: token contains an invalid number of segments"}
2026-01-01 17:37:08 [ERROR] logging:emit:1160 [PID:98533] [TID:8470126720] Failed to create agent in Pranthora: Pranthora API error: 401 - {"detail":"Authentication failed: invalid JWT: unable to parse or verify signature, token is malformed: token contains an invalid number of segments"}
2026-01-01 17:37:08 [INFO] logging:emit:1160 [PID:98533] [TID:8470126720] Supabase inserting into user_agents: {'user_id': '31b6d051-7619-4f1b-8646-34c6016c30f3', 'name': 'Test User Agent', 'system_prompt': 'You are a helpful customer service agent. Be friendly and professional.', 'evaluation_criteria': {'accuracy': 0.8, 'response_time': 5.0}, 'pranthora_agent_id': None, 'created_at': '2026-01-01T12:07:08.601161', 'updated_at': '2026-01-01T12:07:08.601170'}
2026-01-01 17:37:09 [INFO] logging:emit:1160 [PID:98533] [TID:8470126720] Supabase insert result: data=[{'id': 'dca102ea-58d0-4fa3-a305-39aae3460f3e', 'user_id': '31b6d051-7619-4f1b-8646-34c6016c30f3', 'name': 'Test User Agent', 'system_prompt': 'You are a helpful customer service agent. Be friendly and professional.', 'evaluation_criteria': {'accuracy': 0.8, 'response_time': 5.0}, 'model_config': None, 'created_at': '2026-01-01T12:07:08.601161', 'updated_at': '2026-01-01T12:07:08.60117', 'pranthora_agent_id': None}] count=None
2026-01-01 17:37:09 [INFO] logging:emit:1160 [PID:98533] [TID:8470126720] Supabase insert result.data: [{'id': 'dca102ea-58d0-4fa3-a305-39aae3460f3e', 'user_id': '31b6d051-7619-4f1b-8646-34c6016c30f3', 'name': 'Test User Agent', 'system_prompt': 'You are a helpful customer service agent. Be friendly and professional.', 'evaluation_criteria': {'accuracy': 0.8, 'response_time': 5.0}, 'model_config': None, 'created_at': '2026-01-01T12:07:08.601161', 'updated_at': '2026-01-01T12:07:08.60117', 'pranthora_agent_id': None}]
2026-01-01 17:37:09 [INFO] logging:emit:1160 [PID:98533] [TID:8470126720] Created record in user_agents: dca102ea-58d0-4fa3-a305-39aae3460f3e
2026-01-01 17:37:09 [INFO] logging:emit:1160 [PID:98533] [TID:8470126720] Created agent in local DB: dca102ea-58d0-4fa3-a305-39aae3460f3e
2026-01-01 17:38:11 [INFO] logging:emit:1160 [PID:98533] [TID:8470126720] Supabase inserting into target_agents: {'user_id': '31b6d051-7619-4f1b-8646-34c6016c30f3', 'name': 'Test Target Agent', 'websocket_url': 'ws://localhost:5050/api/call/media-stream/agents/test', 'sample_rate': 8000, 'encoding': 'mulaw', 'created_at': '2026-01-01T12:08:11.375914', 'updated_at': '2026-01-01T12:08:11.375923'}
2026-01-01 17:38:11 [INFO] logging:emit:1160 [PID:98533] [TID:8470126720] Supabase insert result: data=[{'id': '48656420-745e-485f-ab2d-bef76d243433', 'user_id': '31b6d051-7619-4f1b-8646-34c6016c30f3', 'name': 'Test Target Agent', 'websocket_url': 'ws://localhost:5050/api/call/media-stream/agents/test', 'sample_rate': 8000, 'encoding': 'mulaw', 'created_at': '2026-01-01T12:08:11.375914', 'updated_at': '2026-01-01T12:08:11.375923'}] count=None
2026-01-01 17:38:11 [INFO] logging:emit:1160 [PID:98533] [TID:8470126720] Supabase insert result.data: [{'id': '48656420-745e-485f-ab2d-bef76d243433', 'user_id': '31b6d051-7619-4f1b-8646-34c6016c30f3', 'name': 'Test Target Agent', 'websocket_url': 'ws://localhost:5050/api/call/media-stream/agents/test', 'sample_rate': 8000, 'encoding': 'mulaw', 'created_at': '2026-01-01T12:08:11.375914', 'updated_at': '2026-01-01T12:08:11.375923'}]
2026-01-01 17:38:11 [INFO] logging:emit:1160 [PID:98533] [TID:8470126720] Created record in target_agents: 48656420-745e-485f-ab2d-bef76d243433
2026-01-01 17:38:11 [INFO] logging:emit:1160 [PID:98533] [TID:8470126720] Creating agent in Pranthora: Test User Agent
2026-01-01 17:38:12 [ERROR] logging:emit:1160 [PID:98533] [TID:8470126720] Failed to create agent in Pranthora: 401 - {"detail":"Authentication failed: invalid JWT: unable to parse or verify signature, token is malformed: token contains an invalid number of segments"}
2026-01-01 17:38:12 [ERROR] logging:emit:1160 [PID:98533] [TID:8470126720] Error creating agent in Pranthora: Pranthora API error: 401 - {"detail":"Authentication failed: invalid JWT: unable to parse or verify signature, token is malformed: token contains an invalid number of segments"}
2026-01-01 17:38:12 [ERROR] logging:emit:1160 [PID:98533] [TID:8470126720] Failed to create agent in Pranthora: Pranthora API error: 401 - {"detail":"Authentication failed: invalid JWT: unable to parse or verify signature, token is malformed: token contains an invalid number of segments"}
2026-01-01 17:38:12 [INFO] logging:emit:1160 [PID:98533] [TID:8470126720] Supabase inserting into user_agents: {'user_id': '31b6d051-7619-4f1b-8646-34c6016c30f3', 'name': 'Test User Agent', 'system_prompt': 'You are helpful.', 'evaluation_criteria': {'accuracy': 0.8}, 'pranthora_agent_id': None, 'created_at': '2026-01-01T12:08:12.551770', 'updated_at': '2026-01-01T12:08:12.551776'}
2026-01-01 17:38:12 [INFO] logging:emit:1160 [PID:98533] [TID:8470126720] Supabase insert result: data=[{'id': 'f2cc30d6-524e-4d0f-8c18-9da20455beef', 'user_id': '31b6d051-7619-4f1b-8646-34c6016c30f3', 'name': 'Test User Agent', 'system_prompt': 'You are helpful.', 'evaluation_criteria': {'accuracy': 0.8}, 'model_config': None, 'created_at': '2026-01-01T12:08:12.55177', 'updated_at': '2026-01-01T12:08:12.551776', 'pranthora_agent_id': None}] count=None
2026-01-01 17:38:12 [INFO] logging:emit:1160 [PID:98533] [TID:8470126720] Supabase insert result.data: [{'id': 'f2cc30d6-524e-4d0f-8c18-9da20455beef', 'user_id': '31b6d051-7619-4f1b-8646-34c6016c30f3', 'name': 'Test User Agent', 'system_prompt': 'You are helpful.', 'evaluation_criteria': {'accuracy': 0.8}, 'model_config': None, 'created_at': '2026-01-01T12:08:12.55177', 'updated_at': '2026-01-01T12:08:12.551776', 'pranthora_agent_id': None}]
2026-01-01 17:38:12 [INFO] logging:emit:1160 [PID:98533] [TID:8470126720] Created record in user_agents: f2cc30d6-524e-4d0f-8c18-9da20455beef
2026-01-01 17:38:12 [INFO] logging:emit:1160 [PID:98533] [TID:8470126720] Created agent in local DB: f2cc30d6-524e-4d0f-8c18-9da20455beef
2026-01-01 17:38:13 [INFO] logging:emit:1160 [PID:98533] [TID:8470126720] Supabase inserting into test_suites: {'user_id': '31b6d051-7619-4f1b-8646-34c6016c30f3', 'name': 'Test Suite', 'description': 'Test', 'target_agent_id': '550e8400-e29b-41d4-a716-446655440002', 'user_agent_id': '550e8400-e29b-41d4-a716-446655440003', 'created_at': '2026-01-01T12:08:13.003842', 'updated_at': '2026-01-01T12:08:13.003851'}
2026-01-01 17:38:13 [ERROR] logging:emit:1160 [PID:98533] [TID:8470126720] Error inserting into test_suites: {'message': 'insert or update on table "test_suites" violates foreign key constraint "test_suites_target_agent_id_fkey"', 'code': '23503', 'hint': None, 'details': 'Key (target_agent_id)=(550e8400-e29b-41d4-a716-446655440002) is not present in table "target_agents".'}
2026-01-01 17:38:13 [ERROR] logging:emit:1160 [PID:98533] [TID:8470126720] Error creating record in test_suites: No data returned from insert operation
2026-01-01 17:38:13 [ERROR] logging:emit:1160 [PID:98533] [TID:8470126720] Error creating test suite: No data returned from insert operation
2026-01-01 17:38:13 [INFO] logging:emit:1160 [PID:98533] [TID:8470126720] Started web scaled test: 5a25f5f8-0e96-4052-9524-205fde831c50, 1 concurrent connections, timeout: 10s
2026-01-01 17:38:13 [INFO] logging:emit:1160 [PID:98533] [TID:8470126720] Starting web scaled test: 1 concurrent connections, timeout: 10s, test_id: 5a25f5f8-0e96-4052-9524-205fde831c50
2026-01-01 17:38:13 [INFO] logging:emit:1160 [PID:98533] [TID:8470126720] [Target-0] Connecting to ws://test?call_sid=5bf2ea83-6195-4536-99dd-18ff7df1c29e
2026-01-01 17:38:13 [INFO] logging:emit:1160 [PID:98533] [TID:8470126720] [User-0] Connecting to ws://test/api/call/web-media-stream?agent_id=test-uuid
2026-01-01 17:38:13 [ERROR] logging:emit:1160 [PID:98533] [TID:8470126720] [Target-0] Connection failed: [Errno 8] nodename nor servname provided, or not known
2026-01-01 17:38:13 [ERROR] logging:emit:1160 [PID:98533] [TID:8470126720] [User-0] Connection failed: [Errno 8] nodename nor servname provided, or not known
2026-01-01 17:38:13 [INFO] logging:emit:1160 [PID:98533] [TID:8470126720] Web scaled test completed: 1/1 successful, duration: 0.08s
2026-01-01 17:38:13 [INFO] logging:emit:1160 [PID:98533] [TID:8470126720] Web test 5a25f5f8-0e96-4052-9524-205fde831c50 completed: {'test_id': '5a25f5f8-0e96-4052-9524-205fde831c50', 'concurrent_requests': 1, 'timeout': 10, 'successful_connections': 1, 'failed_connections': 0, 'duration_seconds': 0.07509708404541016, 'recording_path': 'test_suite_recordings/5a25f5f8-0e96-4052-9524-205fde831c50', 'results': [{'success': True, 'connection_number': 0, 'recording_file': 'test_suite_recordings/5a25f5f8-0e96-4052-9524-205fde831c50/conn_0.wav', 'audio_bytes': 0}]}
2026-01-01 17:38:27 [INFO] logging:emit:1160 [PID:98533] [TID:8470126720] Supabase inserting into test_suites: {'user_id': '31b6d051-7619-4f1b-8646-34c6016c30f3', 'name': 'Test Suite', 'description': 'Test', 'target_agent_id': '550e8400-e29b-41d4-a716-446655440002', 'user_agent_id': '550e8400-e29b-41d4-a716-446655440003', 'created_at': '2026-01-01T12:08:27.265220', 'updated_at': '2026-01-01T12:08:27.265231'}
2026-01-01 17:38:27 [ERROR] logging:emit:1160 [PID:98533] [TID:8470126720] Error inserting into test_suites: {'message': 'insert or update on table "test_suites" violates foreign key constraint "test_suites_target_agent_id_fkey"', 'code': '23503', 'hint': None, 'details': 'Key (target_agent_id)=(550e8400-e29b-41d4-a716-446655440002) is not present in table "target_agents".'}
2026-01-01 17:38:27 [ERROR] logging:emit:1160 [PID:98533] [TID:8470126720] Error creating record in test_suites: No data returned from insert operation
2026-01-01 17:38:27 [ERROR] logging:emit:1160 [PID:98533] [TID:8470126720] Error creating test suite: No data returned from insert operation
2026-01-01 17:38:34 [INFO] logging:emit:1160 [PID:98533] [TID:8470126720] Supabase inserting into test_suites: {'user_id': '31b6d051-7619-4f1b-8646-34c6016c30f3', 'name': 'Test Suite', 'description': 'Test', 'target_agent_id': None, 'user_agent_id': None, 'created_at': '2026-01-01T12:08:34.898940', 'updated_at': '2026-01-01T12:08:34.898946'}
2026-01-01 17:38:35 [INFO] logging:emit:1160 [PID:98533] [TID:8470126720] Supabase insert result: data=[{'id': '843dd15c-659e-4aa9-985d-c3e44b6d6aed', 'user_id': '31b6d051-7619-4f1b-8646-34c6016c30f3', 'name': 'Test Suite', 'description': 'Test', 'target_agent_id': None, 'user_agent_id': None, 'created_at': '2026-01-01T12:08:34.89894', 'updated_at': '2026-01-01T12:08:34.898946'}] count=None
2026-01-01 17:38:35 [INFO] logging:emit:1160 [PID:98533] [TID:8470126720] Supabase insert result.data: [{'id': '843dd15c-659e-4aa9-985d-c3e44b6d6aed', 'user_id': '31b6d051-7619-4f1b-8646-34c6016c30f3', 'name': 'Test Suite', 'description': 'Test', 'target_agent_id': None, 'user_agent_id': None, 'created_at': '2026-01-01T12:08:34.89894', 'updated_at': '2026-01-01T12:08:34.898946'}]
2026-01-01 17:38:35 [INFO] logging:emit:1160 [PID:98533] [TID:8470126720] Created record in test_suites: 843dd15c-659e-4aa9-985d-c3e44b6d6aed
2026-01-01 17:38:38 [INFO] logging:emit:1160 [PID:98533] [TID:8470126720] Supabase inserting into test_suites: {'user_id': '31b6d051-7619-4f1b-8646-34c6016c30f3', 'name': 'Test Suite', 'description': 'Test', 'target_agent_id': '4865642e-4b9d-4f5e-8d85-7e4a9b3c2f1a', 'user_agent_id': 'dca102ea-58d0-4fa3-a305-39aae3460f3e', 'created_at': '2026-01-01T12:08:38.868812', 'updated_at': '2026-01-01T12:08:38.868818'}
2026-01-01 17:38:39 [ERROR] logging:emit:1160 [PID:98533] [TID:8470126720] Error inserting into test_suites: {'message': 'insert or update on table "test_suites" violates foreign key constraint "test_suites_target_agent_id_fkey"', 'code': '23503', 'hint': None, 'details': 'Key (target_agent_id)=(4865642e-4b9d-4f5e-8d85-7e4a9b3c2f1a) is not present in table "target_agents".'}
2026-01-01 17:38:39 [ERROR] logging:emit:1160 [PID:98533] [TID:8470126720] Error creating record in test_suites: No data returned from insert operation
2026-01-01 17:38:39 [ERROR] logging:emit:1160 [PID:98533] [TID:8470126720] Error creating test suite: No data returned from insert operation
2026-01-01 17:38:45 [INFO] logging:emit:1160 [PID:98533] [TID:8470126720] Supabase inserting into test_suites: {'user_id': '31b6d051-7619-4f1b-8646-34c6016c30f3', 'name': 'Test Suite', 'description': 'Test', 'target_agent_id': '4865642e-4b9d-4f5e-8d85-7e4a9b3c2f1a', 'user_agent_id': 'dca102ea-58d0-4fa3-a305-39aae3460f3e', 'created_at': '2026-01-01T12:08:45.781909', 'updated_at': '2026-01-01T12:08:45.781920'}
2026-01-01 17:38:46 [ERROR] logging:emit:1160 [PID:98533] [TID:8470126720] Error inserting into test_suites: {'message': 'insert or update on table "test_suites" violates foreign key constraint "test_suites_target_agent_id_fkey"', 'code': '23503', 'hint': None, 'details': 'Key (target_agent_id)=(4865642e-4b9d-4f5e-8d85-7e4a9b3c2f1a) is not present in table "target_agents".'}
2026-01-01 17:38:46 [ERROR] logging:emit:1160 [PID:98533] [TID:8470126720] Error creating record in test_suites: No data returned from insert operation
2026-01-01 17:38:46 [ERROR] logging:emit:1160 [PID:98533] [TID:8470126720] Error creating test suite: No data returned from insert operation
2026-01-01 17:38:49 [INFO] logging:emit:1160 [PID:98533] [TID:8470126720] Supabase inserting into test_cases: {'name': 'Test Case', 'steps': [{'action': 'speak', 'text': 'Hello'}], 'conditions': [{'type': 'response_contains', 'expected': 'Hello'}], 'expected_outcome': 'Should work', 'timeout_seconds': 30, 'order_index': 0, 'is_active': True, 'test_suite_id': '843dd15c-659e-4aa9-985d-c3e44b6d6aed', 'created_at': '2026-01-01T12:08:49.135306', 'updated_at': '2026-01-01T12:08:49.135316'}
2026-01-01 17:38:49 [INFO] logging:emit:1160 [PID:98533] [TID:8470126720] Supabase insert result: data=[{'id': '89102fff-fefa-4399-aa03-06d0c1ffdac6', 'test_suite_id': '843dd15c-659e-4aa9-985d-c3e44b6d6aed', 'name': 'Test Case', 'steps': [{'text': 'Hello', 'action': 'speak'}], 'conditions': [{'type': 'response_contains', 'expected': 'Hello'}], 'expected_outcome': 'Should work', 'timeout_seconds': 30, 'order_index': 0, 'is_active': True, 'created_at': '2026-01-01T12:08:49.135306', 'updated_at': '2026-01-01T12:08:49.135316'}] count=None
2026-01-01 17:38:49 [INFO] logging:emit:1160 [PID:98533] [TID:8470126720] Supabase insert result.data: [{'id': '89102fff-fefa-4399-aa03-06d0c1ffdac6', 'test_suite_id': '843dd15c-659e-4aa9-985d-c3e44b6d6aed', 'name': 'Test Case', 'steps': [{'text': 'Hello', 'action': 'speak'}], 'conditions': [{'type': 'response_contains', 'expected': 'Hello'}], 'expected_outcome': 'Should work', 'timeout_seconds': 30, 'order_index': 0, 'is_active': True, 'created_at': '2026-01-01T12:08:49.135306', 'updated_at': '2026-01-01T12:08:49.135316'}]
2026-01-01 17:38:49 [INFO] logging:emit:1160 [PID:98533] [TID:8470126720] Created record in test_cases: 89102fff-fefa-4399-aa03-06d0c1ffdac6
2026-01-01 17:45:29 [INFO] logging:emit:1160 [PID:98533] [TID:8470126720] Voice Testing Platform shutdown
2026-01-01 17:45:31 [INFO] logging:emit:1160 [PID:99474] [TID:8470126720] Initializing static memory cache...
2026-01-01 17:45:31 [INFO] logging:emit:1160 [PID:99474] [TID:8470126720] Static memory cache initialized successfully
2026-01-01 17:45:31 [INFO] logging:emit:1160 [PID:99474] [TID:8470126720] Starting Voice Testing Platform on 0.0.0.0:8080
2026-01-01 17:45:32 [INFO] logging:emit:1160 [PID:99474] [TID:8470126720] Voice Testing Platform startup
2026-01-01 17:47:30 [INFO] logging:emit:1160 [PID:99474] [TID:8470126720] Creating agent in Pranthora: Test User Agent
2026-01-01 17:47:31 [ERROR] logging:emit:1160 [PID:99474] [TID:8470126720] Failed to create agent in Pranthora: 401 - {"detail":"Authentication failed: invalid JWT: unable to parse or verify signature, token is malformed: token contains an invalid number of segments"}
2026-01-01 17:47:31 [ERROR] logging:emit:1160 [PID:99474] [TID:8470126720] Error creating agent in Pranthora: Pranthora API error: 401 - {"detail":"Authentication failed: invalid JWT: unable to parse or verify signature, token is malformed: token contains an invalid number of segments"}
2026-01-01 17:47:31 [ERROR] logging:emit:1160 [PID:99474] [TID:8470126720] Failed to create agent in Pranthora: Pranthora API error: 401 - {"detail":"Authentication failed: invalid JWT: unable to parse or verify signature, token is malformed: token contains an invalid number of segments"}
2026-01-01 17:47:31 [INFO] logging:emit:1160 [PID:99474] [TID:8470126720] Supabase client created successfully
2026-01-01 17:47:31 [INFO] logging:emit:1160 [PID:99474] [TID:8470126720] Supabase inserting into user_agents: {'user_id': '31b6d051-7619-4f1b-8646-34c6016c30f3', 'name': 'Test User Agent', 'system_prompt': 'You are a helpful customer service agent. Be friendly and professional.', 'evaluation_criteria': {'accuracy': 0.8, 'response_time': 5.0}, 'pranthora_agent_id': None, 'created_at': '2026-01-01T12:17:31.492432', 'updated_at': '2026-01-01T12:17:31.492441'}
2026-01-01 17:47:32 [INFO] logging:emit:1160 [PID:99474] [TID:8470126720] Supabase insert result: data=[{'id': '0595d789-8732-4eac-b62b-07ac48788ca2', 'user_id': '31b6d051-7619-4f1b-8646-34c6016c30f3', 'name': 'Test User Agent', 'system_prompt': 'You are a helpful customer service agent. Be friendly and professional.', 'evaluation_criteria': {'accuracy': 0.8, 'response_time': 5.0}, 'model_config': None, 'created_at': '2026-01-01T12:17:31.492432', 'updated_at': '2026-01-01T12:17:31.492441', 'pranthora_agent_id': None}] count=None
2026-01-01 17:47:32 [INFO] logging:emit:1160 [PID:99474] [TID:8470126720] Supabase insert result.data: [{'id': '0595d789-8732-4eac-b62b-07ac48788ca2', 'user_id': '31b6d051-7619-4f1b-8646-34c6016c30f3', 'name': 'Test User Agent', 'system_prompt': 'You are a helpful customer service agent. Be friendly and professional.', 'evaluation_criteria': {'accuracy': 0.8, 'response_time': 5.0}, 'model_config': None, 'created_at': '2026-01-01T12:17:31.492432', 'updated_at': '2026-01-01T12:17:31.492441', 'pranthora_agent_id': None}]
2026-01-01 17:47:32 [INFO] logging:emit:1160 [PID:99474] [TID:8470126720] Created record in user_agents: 0595d789-8732-4eac-b62b-07ac48788ca2
2026-01-01 17:47:32 [INFO] logging:emit:1160 [PID:99474] [TID:8470126720] Created agent in local DB: 0595d789-8732-4eac-b62b-07ac48788ca2
2026-01-01 17:48:37 [INFO] logging:emit:1160 [PID:99474] [TID:8470126720] Supabase inserting into target_agents: {'user_id': '31b6d051-7619-4f1b-8646-34c6016c30f3', 'name': 'Test Target Agent', 'websocket_url': 'ws://localhost:5050/api/call/media-stream/agents/b9f92d26-9544-44cb-a5f1-2c756af90fd0', 'sample_rate': 8000, 'encoding': 'mulaw', 'created_at': '2026-01-01T12:18:37.444141', 'updated_at': '2026-01-01T12:18:37.444169'}
2026-01-01 17:48:37 [INFO] logging:emit:1160 [PID:99474] [TID:8470126720] Supabase insert result: data=[{'id': '3bc365d1-82cc-4240-91db-aa62e18950c8', 'user_id': '31b6d051-7619-4f1b-8646-34c6016c30f3', 'name': 'Test Target Agent', 'websocket_url': 'ws://localhost:5050/api/call/media-stream/agents/b9f92d26-9544-44cb-a5f1-2c756af90fd0', 'sample_rate': 8000, 'encoding': 'mulaw', 'created_at': '2026-01-01T12:18:37.444141', 'updated_at': '2026-01-01T12:18:37.444169'}] count=None
2026-01-01 17:48:37 [INFO] logging:emit:1160 [PID:99474] [TID:8470126720] Supabase insert result.data: [{'id': '3bc365d1-82cc-4240-91db-aa62e18950c8', 'user_id': '31b6d051-7619-4f1b-8646-34c6016c30f3', 'name': 'Test Target Agent', 'websocket_url': 'ws://localhost:5050/api/call/media-stream/agents/b9f92d26-9544-44cb-a5f1-2c756af90fd0', 'sample_rate': 8000, 'encoding': 'mulaw', 'created_at': '2026-01-01T12:18:37.444141', 'updated_at': '2026-01-01T12:18:37.444169'}]
2026-01-01 17:48:37 [INFO] logging:emit:1160 [PID:99474] [TID:8470126720] Created record in target_agents: 3bc365d1-82cc-4240-91db-aa62e18950c8
2026-01-01 17:48:38 [INFO] logging:emit:1160 [PID:99474] [TID:8470126720] Creating agent in Pranthora: Test User Agent
2026-01-01 17:48:38 [ERROR] logging:emit:1160 [PID:99474] [TID:8470126720] Failed to create agent in Pranthora: 401 - {"detail":"Authentication failed: invalid JWT: unable to parse or verify signature, token is malformed: token contains an invalid number of segments"}
2026-01-01 17:48:38 [ERROR] logging:emit:1160 [PID:99474] [TID:8470126720] Error creating agent in Pranthora: Pranthora API error: 401 - {"detail":"Authentication failed: invalid JWT: unable to parse or verify signature, token is malformed: token contains an invalid number of segments"}
2026-01-01 17:48:38 [ERROR] logging:emit:1160 [PID:99474] [TID:8470126720] Failed to create agent in Pranthora: Pranthora API error: 401 - {"detail":"Authentication failed: invalid JWT: unable to parse or verify signature, token is malformed: token contains an invalid number of segments"}
2026-01-01 17:48:38 [INFO] logging:emit:1160 [PID:99474] [TID:8470126720] Supabase inserting into user_agents: {'user_id': '31b6d051-7619-4f1b-8646-34c6016c30f3', 'name': 'Test User Agent', 'system_prompt': 'You are a helpful customer service agent. Be friendly and professional.', 'evaluation_criteria': {'accuracy': 0.8, 'response_time': 5.0}, 'pranthora_agent_id': None, 'created_at': '2026-01-01T12:18:38.731045', 'updated_at': '2026-01-01T12:18:38.731058'}
2026-01-01 17:48:38 [INFO] logging:emit:1160 [PID:99474] [TID:8470126720] Supabase insert result: data=[{'id': '60d42f2e-cb44-4f01-a6e0-1083d50cecf3', 'user_id': '31b6d051-7619-4f1b-8646-34c6016c30f3', 'name': 'Test User Agent', 'system_prompt': 'You are a helpful customer service agent. Be friendly and professional.', 'evaluation_criteria': {'accuracy': 0.8, 'response_time': 5.0}, 'model_config': None, 'created_at': '2026-01-01T12:18:38.731045', 'updated_at': '2026-01-01T12:18:38.731058', 'pranthora_agent_id': None}] count=None
2026-01-01 17:48:38 [INFO] logging:emit:1160 [PID:99474] [TID:8470126720] Supabase insert result.data: [{'id': '60d42f2e-cb44-4f01-a6e0-1083d50cecf3', 'user_id': '31b6d051-7619-4f1b-8646-34c6016c30f3', 'name': 'Test User Agent', 'system_prompt': 'You are a helpful customer service agent. Be friendly and professional.', 'evaluation_criteria': {'accuracy': 0.8, 'response_time': 5.0}, 'model_config': None, 'created_at': '2026-01-01T12:18:38.731045', 'updated_at': '2026-01-01T12:18:38.731058', 'pranthora_agent_id': None}]
2026-01-01 17:48:38 [INFO] logging:emit:1160 [PID:99474] [TID:8470126720] Created record in user_agents: 60d42f2e-cb44-4f01-a6e0-1083d50cecf3
2026-01-01 17:48:38 [INFO] logging:emit:1160 [PID:99474] [TID:8470126720] Created agent in local DB: 60d42f2e-cb44-4f01-a6e0-1083d50cecf3
2026-01-01 17:48:39 [INFO] logging:emit:1160 [PID:99474] [TID:8470126720] Supabase inserting into test_suites: {'user_id': '31b6d051-7619-4f1b-8646-34c6016c30f3', 'name': 'Voice Agent Test Suite', 'description': 'Testing voice agent interactions and responses', 'created_at': '2026-01-01T12:18:39.129634', 'updated_at': '2026-01-01T12:18:39.129646'}
2026-01-01 17:48:39 [INFO] logging:emit:1160 [PID:99474] [TID:8470126720] Supabase insert result: data=[{'id': '70c5064c-8897-471e-ac57-39093466d7f3', 'user_id': '31b6d051-7619-4f1b-8646-34c6016c30f3', 'name': 'Voice Agent Test Suite', 'description': 'Testing voice agent interactions and responses', 'target_agent_id': None, 'user_agent_id': None, 'created_at': '2026-01-01T12:18:39.129634', 'updated_at': '2026-01-01T12:18:39.129646'}] count=None
2026-01-01 17:48:39 [INFO] logging:emit:1160 [PID:99474] [TID:8470126720] Supabase insert result.data: [{'id': '70c5064c-8897-471e-ac57-39093466d7f3', 'user_id': '31b6d051-7619-4f1b-8646-34c6016c30f3', 'name': 'Voice Agent Test Suite', 'description': 'Testing voice agent interactions and responses', 'target_agent_id': None, 'user_agent_id': None, 'created_at': '2026-01-01T12:18:39.129634', 'updated_at': '2026-01-01T12:18:39.129646'}]
2026-01-01 17:48:39 [INFO] logging:emit:1160 [PID:99474] [TID:8470126720] Created record in test_suites: 70c5064c-8897-471e-ac57-39093466d7f3
2026-01-01 17:48:39 [INFO] logging:emit:1160 [PID:99474] [TID:8470126720] Supabase inserting into test_cases: {'name': 'Basic Greeting Test', 'steps': [{'action': 'speak', 'text': 'Hello, can you help me with my account?'}], 'conditions': [{'type': 'response_contains', 'expected': 'Hello'}], 'expected_outcome': 'Agent should greet customer and offer assistance', 'timeout_seconds': 30, 'order_index': 0, 'is_active': True, 'test_suite_id': '20046318-8654-4365-a047-33d013a47fa6', 'created_at': '2026-01-01T12:18:39.521199', 'updated_at': '2026-01-01T12:18:39.521208'}
2026-01-01 17:48:39 [INFO] logging:emit:1160 [PID:99474] [TID:8470126720] Supabase insert result: data=[{'id': '9395c189-f022-4622-9a32-6d056e3fc3c7', 'test_suite_id': '20046318-8654-4365-a047-33d013a47fa6', 'name': 'Basic Greeting Test', 'steps': [{'text': 'Hello, can you help me with my account?', 'action': 'speak'}], 'conditions': [{'type': 'response_contains', 'expected': 'Hello'}], 'expected_outcome': 'Agent should greet customer and offer assistance', 'timeout_seconds': 30, 'order_index': 0, 'is_active': True, 'created_at': '2026-01-01T12:18:39.521199', 'updated_at': '2026-01-01T12:18:39.521208'}] count=None
2026-01-01 17:48:39 [INFO] logging:emit:1160 [PID:99474] [TID:8470126720] Supabase insert result.data: [{'id': '9395c189-f022-4622-9a32-6d056e3fc3c7', 'test_suite_id': '20046318-8654-4365-a047-33d013a47fa6', 'name': 'Basic Greeting Test', 'steps': [{'text': 'Hello, can you help me with my account?', 'action': 'speak'}], 'conditions': [{'type': 'response_contains', 'expected': 'Hello'}], 'expected_outcome': 'Agent should greet customer and offer assistance', 'timeout_seconds': 30, 'order_index': 0, 'is_active': True, 'created_at': '2026-01-01T12:18:39.521199', 'updated_at': '2026-01-01T12:18:39.521208'}]
2026-01-01 17:48:39 [INFO] logging:emit:1160 [PID:99474] [TID:8470126720] Created record in test_cases: 9395c189-f022-4622-9a32-6d056e3fc3c7
2026-01-01 17:48:39 [INFO] logging:emit:1160 [PID:99474] [TID:8470126720] Started web scaled test: 0c75c01e-54b4-4702-b07e-332999369a68, 3 concurrent connections, timeout: 30s
2026-01-01 17:48:39 [INFO] logging:emit:1160 [PID:99474] [TID:8470126720] Starting web scaled test: 3 concurrent connections, timeout: 30s, test_id: 0c75c01e-54b4-4702-b07e-332999369a68
2026-01-01 17:48:39 [INFO] logging:emit:1160 [PID:99474] [TID:8470126720] [Target-0] Connecting to ws://localhost:5050/api/call/media-stream/agents/b9f92d26-9544-44cb-a5f1-2c756af90fd0?call_sid=25e33a00-ca08-4f40-bb80-1a75102e51bd
2026-01-01 17:48:39 [INFO] logging:emit:1160 [PID:99474] [TID:8470126720] [User-0] Connecting to ws://localhost:5050/api/call/web-media-stream?agent_id=31b6d051-7619-4f1b-8646-34c6016c30f3
2026-01-01 17:48:39 [INFO] logging:emit:1160 [PID:99474] [TID:8470126720] [Target-1] Connecting to ws://localhost:5050/api/call/media-stream/agents/b9f92d26-9544-44cb-a5f1-2c756af90fd0?call_sid=3227ac63-9afa-4b0d-ad5d-b92ec341d8ec
2026-01-01 17:48:39 [INFO] logging:emit:1160 [PID:99474] [TID:8470126720] [User-1] Connecting to ws://localhost:5050/api/call/web-media-stream?agent_id=31b6d051-7619-4f1b-8646-34c6016c30f3
2026-01-01 17:48:39 [INFO] logging:emit:1160 [PID:99474] [TID:8470126720] [Target-2] Connecting to ws://localhost:5050/api/call/media-stream/agents/b9f92d26-9544-44cb-a5f1-2c756af90fd0?call_sid=eb3afd54-f66e-4d84-a367-95ccc6f3fae7
2026-01-01 17:48:39 [INFO] logging:emit:1160 [PID:99474] [TID:8470126720] [User-2] Connecting to ws://localhost:5050/api/call/web-media-stream?agent_id=31b6d051-7619-4f1b-8646-34c6016c30f3
2026-01-01 17:48:39 [ERROR] logging:emit:1160 [PID:99474] [TID:8470126720] [Target-0] Connection failed: [Errno 61] Connection refused
2026-01-01 17:48:39 [ERROR] logging:emit:1160 [PID:99474] [TID:8470126720] [User-0] Connection failed: [Errno 61] Connection refused
2026-01-01 17:48:39 [ERROR] logging:emit:1160 [PID:99474] [TID:8470126720] [Target-1] Connection failed: [Errno 61] Connection refused
2026-01-01 17:48:39 [ERROR] logging:emit:1160 [PID:99474] [TID:8470126720] [User-1] Connection failed: [Errno 61] Connection refused
2026-01-01 17:48:39 [ERROR] logging:emit:1160 [PID:99474] [TID:8470126720] [Target-2] Connection failed: [Errno 61] Connection refused
2026-01-01 17:48:39 [ERROR] logging:emit:1160 [PID:99474] [TID:8470126720] [User-2] Connection failed: [Errno 61] Connection refused
2026-01-01 17:48:39 [INFO] logging:emit:1160 [PID:99474] [TID:8470126720] Web scaled test completed: 3/3 successful, duration: 0.02s
2026-01-01 17:48:39 [INFO] logging:emit:1160 [PID:99474] [TID:8470126720] Web test 0c75c01e-54b4-4702-b07e-332999369a68 completed: {'test_id': '0c75c01e-54b4-4702-b07e-332999369a68', 'concurrent_requests': 3, 'timeout': 30, 'successful_connections': 3, 'failed_connections': 0, 'duration_seconds': 0.024122238159179688, 'recording_path': 'test_suite_recordings/0c75c01e-54b4-4702-b07e-332999369a68', 'results': [{'success': True, 'connection_number': 0, 'recording_file': 'test_suite_recordings/0c75c01e-54b4-4702-b07e-332999369a68/conn_0.wav', 'audio_bytes': 0}, {'success': True, 'connection_number': 1, 'recording_file': 'test_suite_recordings/0c75c01e-54b4-4702-b07e-332999369a68/conn_1.wav', 'audio_bytes': 0}, {'success': True, 'connection_number': 2, 'recording_file': 'test_suite_recordings/0c75c01e-54b4-4702-b07e-332999369a68/conn_2.wav', 'audio_bytes': 0}]}
2026-01-01 17:49:32 [INFO] logging:emit:1160 [PID:99474] [TID:8470126720] Voice Testing Platform shutdown
2026-01-01 17:49:34 [INFO] logging:emit:1160 [PID:342] [TID:8470126720] Initializing static memory cache...
2026-01-01 17:49:34 [INFO] logging:emit:1160 [PID:342] [TID:8470126720] Static memory cache initialized successfully
2026-01-01 17:49:34 [INFO] logging:emit:1160 [PID:342] [TID:8470126720] Starting Voice Testing Platform on 0.0.0.0:8080
2026-01-01 17:49:34 [INFO] logging:emit:1160 [PID:342] [TID:8470126720] Voice Testing Platform startup
2026-01-01 17:49:34 [INFO] logging:emit:1160 [PID:342] [TID:8470126720] Voice Testing Platform shutdown
2026-01-01 17:49:37 [INFO] logging:emit:1160 [PID:489] [TID:8470126720] Initializing static memory cache...
2026-01-01 17:49:37 [INFO] logging:emit:1160 [PID:489] [TID:8470126720] Static memory cache initialized successfully
2026-01-01 17:49:37 [INFO] logging:emit:1160 [PID:489] [TID:8470126720] Starting Voice Testing Platform on 0.0.0.0:8080
2026-01-01 17:49:37 [INFO] logging:emit:1160 [PID:489] [TID:8470126720] Voice Testing Platform startup
2026-01-01 17:49:45 [INFO] logging:emit:1160 [PID:489] [TID:8470126720] Supabase client created successfully
2026-01-01 17:49:45 [INFO] logging:emit:1160 [PID:489] [TID:8470126720] Supabase inserting into target_agents: {'user_id': '31b6d051-7619-4f1b-8646-34c6016c30f3', 'name': 'Test Target Agent', 'websocket_url': 'ws://localhost:5050/api/call/media-stream/agents/b9f92d26-9544-44cb-a5f1-2c756af90fd0', 'sample_rate': 8000, 'encoding': 'mulaw', 'created_at': '2026-01-01T12:19:45.932293', 'updated_at': '2026-01-01T12:19:45.932299'}
2026-01-01 17:49:46 [INFO] logging:emit:1160 [PID:489] [TID:8470126720] Supabase insert result: data=[{'id': '180b60b4-8521-48e6-a7f4-4eed819ffef1', 'user_id': '31b6d051-7619-4f1b-8646-34c6016c30f3', 'name': 'Test Target Agent', 'websocket_url': 'ws://localhost:5050/api/call/media-stream/agents/b9f92d26-9544-44cb-a5f1-2c756af90fd0', 'sample_rate': 8000, 'encoding': 'mulaw', 'created_at': '2026-01-01T12:19:45.932293', 'updated_at': '2026-01-01T12:19:45.932299'}] count=None
2026-01-01 17:49:46 [INFO] logging:emit:1160 [PID:489] [TID:8470126720] Supabase insert result.data: [{'id': '180b60b4-8521-48e6-a7f4-4eed819ffef1', 'user_id': '31b6d051-7619-4f1b-8646-34c6016c30f3', 'name': 'Test Target Agent', 'websocket_url': 'ws://localhost:5050/api/call/media-stream/agents/b9f92d26-9544-44cb-a5f1-2c756af90fd0', 'sample_rate': 8000, 'encoding': 'mulaw', 'created_at': '2026-01-01T12:19:45.932293', 'updated_at': '2026-01-01T12:19:45.932299'}]
2026-01-01 17:49:46 [INFO] logging:emit:1160 [PID:489] [TID:8470126720] Created record in target_agents: 180b60b4-8521-48e6-a7f4-4eed819ffef1
2026-01-01 17:49:46 [INFO] logging:emit:1160 [PID:489] [TID:8470126720] Creating agent in Pranthora: Test User Agent
2026-01-01 17:49:47 [ERROR] logging:emit:1160 [PID:489] [TID:8470126720] Failed to create agent in Pranthora: 401 - {"detail":"Authentication failed: invalid JWT: unable to parse or verify signature, token is malformed: token contains an invalid number of segments"}
2026-01-01 17:49:47 [ERROR] logging:emit:1160 [PID:489] [TID:8470126720] Error creating agent in Pranthora: Pranthora API error: 401 - {"detail":"Authentication failed: invalid JWT: unable to parse or verify signature, token is malformed: token contains an invalid number of segments"}
2026-01-01 17:49:47 [ERROR] logging:emit:1160 [PID:489] [TID:8470126720] Failed to create agent in Pranthora: Pranthora API error: 401 - {"detail":"Authentication failed: invalid JWT: unable to parse or verify signature, token is malformed: token contains an invalid number of segments"}
2026-01-01 17:49:47 [INFO] logging:emit:1160 [PID:489] [TID:8470126720] Supabase inserting into user_agents: {'user_id': '31b6d051-7619-4f1b-8646-34c6016c30f3', 'name': 'Test User Agent', 'system_prompt': 'You are a helpful customer service agent. Be friendly and professional.', 'evaluation_criteria': {'accuracy': 0.8, 'response_time': 5.0}, 'pranthora_agent_id': None, 'created_at': '2026-01-01T12:19:47.769831', 'updated_at': '2026-01-01T12:19:47.769836'}
2026-01-01 17:49:47 [INFO] logging:emit:1160 [PID:489] [TID:8470126720] Supabase insert result: data=[{'id': 'a75272f0-f418-4634-845d-d5ce536bf7b0', 'user_id': '31b6d051-7619-4f1b-8646-34c6016c30f3', 'name': 'Test User Agent', 'system_prompt': 'You are a helpful customer service agent. Be friendly and professional.', 'evaluation_criteria': {'accuracy': 0.8, 'response_time': 5.0}, 'model_config': None, 'created_at': '2026-01-01T12:19:47.769831', 'updated_at': '2026-01-01T12:19:47.769836', 'pranthora_agent_id': None}] count=None
2026-01-01 17:49:47 [INFO] logging:emit:1160 [PID:489] [TID:8470126720] Supabase insert result.data: [{'id': 'a75272f0-f418-4634-845d-d5ce536bf7b0', 'user_id': '31b6d051-7619-4f1b-8646-34c6016c30f3', 'name': 'Test User Agent', 'system_prompt': 'You are a helpful customer service agent. Be friendly and professional.', 'evaluation_criteria': {'accuracy': 0.8, 'response_time': 5.0}, 'model_config': None, 'created_at': '2026-01-01T12:19:47.769831', 'updated_at': '2026-01-01T12:19:47.769836', 'pranthora_agent_id': None}]
2026-01-01 17:49:47 [INFO] logging:emit:1160 [PID:489] [TID:8470126720] Created record in user_agents: a75272f0-f418-4634-845d-d5ce536bf7b0
2026-01-01 17:49:47 [INFO] logging:emit:1160 [PID:489] [TID:8470126720] Created agent in local DB: a75272f0-f418-4634-845d-d5ce536bf7b0
2026-01-01 17:49:48 [INFO] logging:emit:1160 [PID:489] [TID:8470126720] Supabase inserting into test_suites: {'user_id': '31b6d051-7619-4f1b-8646-34c6016c30f3', 'name': 'Voice Agent Test Suite', 'description': 'Testing voice agent interactions and responses', 'created_at': '2026-01-01T12:19:48.143235', 'updated_at': '2026-01-01T12:19:48.143287'}
2026-01-01 17:49:48 [INFO] logging:emit:1160 [PID:489] [TID:8470126720] Supabase insert result: data=[{'id': 'a829d164-d3fa-4eca-a292-33e704a9114a', 'user_id': '31b6d051-7619-4f1b-8646-34c6016c30f3', 'name': 'Voice Agent Test Suite', 'description': 'Testing voice agent interactions and responses', 'target_agent_id': None, 'user_agent_id': None, 'created_at': '2026-01-01T12:19:48.143235', 'updated_at': '2026-01-01T12:19:48.143287'}] count=None
2026-01-01 17:49:48 [INFO] logging:emit:1160 [PID:489] [TID:8470126720] Supabase insert result.data: [{'id': 'a829d164-d3fa-4eca-a292-33e704a9114a', 'user_id': '31b6d051-7619-4f1b-8646-34c6016c30f3', 'name': 'Voice Agent Test Suite', 'description': 'Testing voice agent interactions and responses', 'target_agent_id': None, 'user_agent_id': None, 'created_at': '2026-01-01T12:19:48.143235', 'updated_at': '2026-01-01T12:19:48.143287'}]
2026-01-01 17:49:48 [INFO] logging:emit:1160 [PID:489] [TID:8470126720] Created record in test_suites: a829d164-d3fa-4eca-a292-33e704a9114a
2026-01-01 17:49:48 [INFO] logging:emit:1160 [PID:489] [TID:8470126720] Supabase inserting into test_cases: {'name': 'Basic Greeting Test', 'steps': [{'action': 'speak', 'text': 'Hello, can you help me with my account?'}], 'conditions': [{'type': 'response_contains', 'expected': 'Hello'}], 'expected_outcome': 'Agent should greet customer and offer assistance', 'timeout_seconds': 30, 'order_index': 0, 'is_active': True, 'test_suite_id': '20046318-8654-4365-a047-33d013a47fa6', 'created_at': '2026-01-01T12:19:48.515527', 'updated_at': '2026-01-01T12:19:48.515539'}
2026-01-01 17:49:48 [INFO] logging:emit:1160 [PID:489] [TID:8470126720] Supabase insert result: data=[{'id': 'a575c634-786d-4c5c-a29d-ba9c14db7ca5', 'test_suite_id': '20046318-8654-4365-a047-33d013a47fa6', 'name': 'Basic Greeting Test', 'steps': [{'text': 'Hello, can you help me with my account?', 'action': 'speak'}], 'conditions': [{'type': 'response_contains', 'expected': 'Hello'}], 'expected_outcome': 'Agent should greet customer and offer assistance', 'timeout_seconds': 30, 'order_index': 0, 'is_active': True, 'created_at': '2026-01-01T12:19:48.515527', 'updated_at': '2026-01-01T12:19:48.515539'}] count=None
2026-01-01 17:49:48 [INFO] logging:emit:1160 [PID:489] [TID:8470126720] Supabase insert result.data: [{'id': 'a575c634-786d-4c5c-a29d-ba9c14db7ca5', 'test_suite_id': '20046318-8654-4365-a047-33d013a47fa6', 'name': 'Basic Greeting Test', 'steps': [{'text': 'Hello, can you help me with my account?', 'action': 'speak'}], 'conditions': [{'type': 'response_contains', 'expected': 'Hello'}], 'expected_outcome': 'Agent should greet customer and offer assistance', 'timeout_seconds': 30, 'order_index': 0, 'is_active': True, 'created_at': '2026-01-01T12:19:48.515527', 'updated_at': '2026-01-01T12:19:48.515539'}]
2026-01-01 17:49:48 [INFO] logging:emit:1160 [PID:489] [TID:8470126720] Created record in test_cases: a575c634-786d-4c5c-a29d-ba9c14db7ca5
2026-01-01 17:49:48 [INFO] logging:emit:1160 [PID:489] [TID:8470126720] Started web scaled test: 5f0da051-7f9a-4f69-b5df-d6cfa905fb60, 3 concurrent connections, timeout: 30s
2026-01-01 17:49:48 [INFO] logging:emit:1160 [PID:489] [TID:8470126720] Starting web scaled test: 3 concurrent connections, timeout: 30s, test_id: 5f0da051-7f9a-4f69-b5df-d6cfa905fb60
2026-01-01 17:49:48 [INFO] logging:emit:1160 [PID:489] [TID:8470126720] [Target-0] Connecting to ws://localhost:5050/api/call/media-stream/agents/b9f92d26-9544-44cb-a5f1-2c756af90fd0?call_sid=9d36180a-5e87-4cec-af3b-6c2d7a11e368
2026-01-01 17:49:48 [INFO] logging:emit:1160 [PID:489] [TID:8470126720] [User-0] Connecting to ws://localhost:5050/api/call/web-media-stream?agent_id=31b6d051-7619-4f1b-8646-34c6016c30f3
2026-01-01 17:49:48 [INFO] logging:emit:1160 [PID:489] [TID:8470126720] [Target-1] Connecting to ws://localhost:5050/api/call/media-stream/agents/b9f92d26-9544-44cb-a5f1-2c756af90fd0?call_sid=05867a2d-b8b6-4a99-883d-1349566d8acc
2026-01-01 17:49:48 [INFO] logging:emit:1160 [PID:489] [TID:8470126720] [User-1] Connecting to ws://localhost:5050/api/call/web-media-stream?agent_id=31b6d051-7619-4f1b-8646-34c6016c30f3
2026-01-01 17:49:48 [INFO] logging:emit:1160 [PID:489] [TID:8470126720] [Target-2] Connecting to ws://localhost:5050/api/call/media-stream/agents/b9f92d26-9544-44cb-a5f1-2c756af90fd0?call_sid=5922ddcc-bbd3-4a4d-bb70-9e3848d820cf
2026-01-01 17:49:48 [INFO] logging:emit:1160 [PID:489] [TID:8470126720] [User-2] Connecting to ws://localhost:5050/api/call/web-media-stream?agent_id=31b6d051-7619-4f1b-8646-34c6016c30f3
2026-01-01 17:49:50 [ERROR] logging:emit:1160 [PID:489] [TID:8470126720] [User-0] Connection failed: server rejected WebSocket connection: HTTP 403
2026-01-01 17:49:50 [ERROR] logging:emit:1160 [PID:489] [TID:8470126720] [User-2] Connection failed: server rejected WebSocket connection: HTTP 403
2026-01-01 17:49:50 [ERROR] logging:emit:1160 [PID:489] [TID:8470126720] [User-1] Connection failed: server rejected WebSocket connection: HTTP 403
2026-01-01 17:49:52 [INFO] logging:emit:1160 [PID:489] [TID:8470126720] [Target-0] Sent start event
2026-01-01 17:49:52 [INFO] logging:emit:1160 [PID:489] [TID:8470126720] [Target-2] Sent start event
2026-01-01 17:49:53 [INFO] logging:emit:1160 [PID:489] [TID:8470126720] [Target-1] Sent start event
2026-01-01 17:50:18 [ERROR] logging:emit:1160 [PID:489] [TID:8470126720] [Target-2] Write error: sent 1000 (OK); then received 1000 (OK)
2026-01-01 17:50:18 [INFO] logging:emit:1160 [PID:489] [TID:8470126720] [Conn-0] Timeout reached, stopping connection
2026-01-01 17:50:18 [INFO] logging:emit:1160 [PID:489] [TID:8470126720] [Conn-0] Recording saved: test_suite_recordings/5f0da051-7f9a-4f69-b5df-d6cfa905fb60/conn_0.wav (50528 bytes)
2026-01-01 17:50:18 [ERROR] logging:emit:1160 [PID:489] [TID:8470126720] [Target-0] Write error: sent 1000 (OK); then received 1000 (OK)
2026-01-01 17:50:18 [ERROR] logging:emit:1160 [PID:489] [TID:8470126720] [Target-1] Write error: sent 1000 (OK); then received 1000 (OK)
2026-01-01 17:50:18 [INFO] logging:emit:1160 [PID:489] [TID:8470126720] [Conn-1] Timeout reached, stopping connection
2026-01-01 17:50:18 [INFO] logging:emit:1160 [PID:489] [TID:8470126720] [Conn-1] Recording saved: test_suite_recordings/5f0da051-7f9a-4f69-b5df-d6cfa905fb60/conn_1.wav (52756 bytes)
2026-01-01 17:50:18 [INFO] logging:emit:1160 [PID:489] [TID:8470126720] [Conn-2] Timeout reached, stopping connection
2026-01-01 17:50:18 [INFO] logging:emit:1160 [PID:489] [TID:8470126720] [Conn-2] Recording saved: test_suite_recordings/5f0da051-7f9a-4f69-b5df-d6cfa905fb60/conn_2.wav (54986 bytes)
2026-01-01 17:50:18 [INFO] logging:emit:1160 [PID:489] [TID:8470126720] Web scaled test completed: 3/3 successful, duration: 30.03s
2026-01-01 17:50:18 [INFO] logging:emit:1160 [PID:489] [TID:8470126720] Web test 5f0da051-7f9a-4f69-b5df-d6cfa905fb60 completed: {'test_id': '5f0da051-7f9a-4f69-b5df-d6cfa905fb60', 'concurrent_requests': 3, 'timeout': 30, 'successful_connections': 3, 'failed_connections': 0, 'duration_seconds': 30.030696392059326, 'recording_path': 'test_suite_recordings/5f0da051-7f9a-4f69-b5df-d6cfa905fb60', 'results': [{'success': True, 'connection_number': 0, 'recording_file': 'test_suite_recordings/5f0da051-7f9a-4f69-b5df-d6cfa905fb60/conn_0.wav', 'audio_bytes': 50528}, {'success': True, 'connection_number': 1, 'recording_file': 'test_suite_recordings/5f0da051-7f9a-4f69-b5df-d6cfa905fb60/conn_1.wav', 'audio_bytes': 52756}, {'success': True, 'connection_number': 2, 'recording_file': 'test_suite_recordings/5f0da051-7f9a-4f69-b5df-d6cfa905fb60/conn_2.wav', 'audio_bytes': 54986}]}
2026-01-01 17:54:41 [INFO] logging:emit:1160 [PID:489] [TID:8470126720] Voice Testing Platform shutdown
